Log file open, 03/27/19 18:18:22
LogWindows: Failed to load 'aqProf.dll' (GetLastError=126)
LogWindows: File 'aqProf.dll' does not exist
LogWindows: Failed to load 'VtuneApi.dll' (GetLastError=126)
LogWindows: File 'VtuneApi.dll' does not exist
LogWindows: Failed to load 'VtuneApi32e.dll' (GetLastError=126)
LogWindows: File 'VtuneApi32e.dll' does not exist
LogConsoleResponse: Display: Failed to find resolution value strings in scalability ini. Falling back to default.
LogInit: Display: Running engine for game: MyProject4
LogPakFile: Registered encryption key '00000000000000000000000000000000': 0 pak files mounted, 0 remain pending
LogPlatformFile: Not using cached read wrapper
LogTaskGraph: Started task graph with 5 named threads and 35 total threads with 3 sets of task threads.
LogStats: Stats thread started at 0.395895
LogD3D11RHI: Loaded GFSDK_Aftermath_Lib.x64.dll
LogICUInternationalization: ICU TimeZone Detection - Raw Offset: +8:00, Platform Override: ''
LogPluginManager: Mounting plugin Paper2D
LogPluginManager: Mounting plugin AISupport
LogPluginManager: Mounting plugin LightPropagationVolume
LogPluginManager: Mounting plugin ActorLayerUtilities
LogPluginManager: Mounting plugin CLionSourceCodeAccess
LogPluginManager: Mounting plugin CodeLiteSourceCodeAccess
LogPluginManager: Mounting plugin GitSourceControl
LogPluginManager: Mounting plugin KDevelopSourceCodeAccess
LogPluginManager: Mounting plugin NullSourceCodeAccess
LogPluginManager: Mounting plugin PerforceSourceControl
LogPluginManager: Mounting plugin SubversionSourceControl
LogPluginManager: Mounting plugin UObjectPlugin
LogPluginManager: Mounting plugin VisualStudioCodeSourceCodeAccess
LogPluginManager: Mounting plugin VisualStudioSourceCodeAccess
LogPluginManager: Mounting plugin XCodeSourceCodeAccess
LogPluginManager: Mounting plugin AssetManagerEditor
LogPluginManager: Mounting plugin CryptoKeys
LogPluginManager: Mounting plugin DataValidation
LogPluginManager: Mounting plugin FacialAnimation
LogPluginManager: Mounting plugin GameplayTagsEditor
LogPluginManager: Mounting plugin MacGraphicsSwitching
LogPluginManager: Mounting plugin MeshEditor
LogPluginManager: Mounting plugin MobileLauncherProfileWizard
LogPluginManager: Mounting plugin PluginBrowser
LogPluginManager: Mounting plugin SpeedTreeImporter
LogPluginManager: Mounting plugin DatasmithContent
LogPluginManager: Mounting plugin VariantManagerContent
LogPluginManager: Mounting plugin AlembicImporter
LogPluginManager: Mounting plugin AppleImageUtils
LogPluginManager: Mounting plugin AppleVision
LogPluginManager: Mounting plugin BackChannel
LogPluginManager: Mounting plugin CharacterAI
LogPluginManager: Mounting plugin GeometryCache
LogPluginManager: Mounting plugin HTML5Networking
LogPluginManager: Mounting plugin ProxyLODPlugin
LogPluginManager: Mounting plugin MagicLeap
LogPluginManager: Mounting plugin MagicLeapMedia
LogPluginManager: Mounting plugin AndroidMedia
LogPluginManager: Mounting plugin AvfMedia
LogPluginManager: Mounting plugin ImgMedia
LogPluginManager: Mounting plugin LinearTimecode
LogPluginManager: Mounting plugin MediaCompositing
LogPluginManager: Mounting plugin MediaPlayerEditor
LogPluginManager: Mounting plugin WebMMedia
LogPluginManager: Mounting plugin WmfMedia
LogPluginManager: Mounting plugin TcpMessaging
LogPluginManager: Mounting plugin UdpMessaging
LogPluginManager: Mounting plugin ActorSequence
LogPluginManager: Mounting plugin LevelSequenceEditor
LogPluginManager: Mounting plugin MatineeToLevelSequence
LogPluginManager: Mounting plugin NetcodeUnitTest
LogPluginManager: Mounting plugin NUTUnrealEngine4
LogPluginManager: Mounting plugin OnlineSubsystemGooglePlay
LogPluginManager: Mounting plugin OnlineSubsystemIOS
LogPluginManager: Mounting plugin OnlineSubsystem
LogPluginManager: Mounting plugin OnlineSubsystemNull
LogPluginManager: Mounting plugin OnlineSubsystemUtils
LogPluginManager: Mounting plugin LauncherChunkInstaller
LogPluginManager: Mounting plugin AndroidDeviceProfileSelector
LogPluginManager: Mounting plugin AndroidMoviePlayer
LogPluginManager: Mounting plugin AndroidPermission
LogPluginManager: Mounting plugin ApexDestruction
LogPluginManager: Mounting plugin AppleMoviePlayer
LogPluginManager: Mounting plugin ArchVisCharacter
LogPluginManager: Mounting plugin AudioCapture
LogPluginManager: Mounting plugin CableComponent
LogPluginManager: Mounting plugin CustomMeshComponent
LogPluginManager: Mounting plugin EditableMesh
LogPluginManager: Mounting plugin ExampleDeviceProfileSelector
LogPluginManager: Mounting plugin Firebase
LogPluginManager: Mounting plugin GoogleCloudMessaging
LogPluginManager: Mounting plugin IOSDeviceProfileSelector
LogPluginManager: Mounting plugin LinuxDeviceProfileSelector
LogPluginManager: Mounting plugin LocationServicesBPLibrary
LogPluginManager: Mounting plugin MobilePatchingUtils
LogPluginManager: Mounting plugin OculusVR
LogPluginManager: Mounting plugin PhysXVehicles
LogPluginManager: Mounting plugin ProceduralMeshComponent
LogPluginManager: Mounting plugin RuntimePhysXCooking
LogPluginManager: Mounting plugin SteamVR
LogPluginManager: Mounting plugin WebMMoviePlayer
LogPluginManager: Mounting plugin WindowsMoviePlayer
LogStreaming: Display: Took  0.053s to configure plugins.
LogInit: Using libcurl 7.55.1-DEV
LogInit:  - built for x86_64-pc-win32
LogInit:  - supports SSL with OpenSSL/1.0.2h
LogInit:  - supports HTTP deflate (compression) using libz 1.2.8
LogInit:  - other features:
LogInit:      CURL_VERSION_SSL
LogInit:      CURL_VERSION_LIBZ
LogInit:      CURL_VERSION_IPV6
LogInit:      CURL_VERSION_ASYNCHDNS
LogInit:      CURL_VERSION_LARGEFILE
LogInit:      CURL_VERSION_IDN
LogInit:  CurlRequestOptions (configurable via config and command line):
LogInit:  - bVerifyPeer = true  - Libcurl will verify peer certificate
LogInit:  - bUseHttpProxy = false  - Libcurl will NOT use HTTP proxy
LogInit:  - bDontReuseConnections = false  - Libcurl will reuse connections
LogInit:  - MaxHostConnections = 16  - Libcurl will limit the number of connections to a host
LogInit:  - LocalHostAddr = Default
LogInit:  - BufferSize = 65536
LogInit: WinSock: version 1.1 (2.2), MaxSocks=32767, MaxUdp=65467
LogInit: Build: ++UE4+Release-4.21-CL-4753647
LogInit: Engine Version: 4.21.2-4753647+++UE4+Release-4.21
LogInit: Compatible Engine Version: 4.21.0-4541578+++UE4+Release-4.21
LogInit: Net CL: 4541578
LogInit: OS: Windows 10 (), CPU: Intel(R) Core(TM) i7-8750H CPU @ 2.20GHz, GPU: NVIDIA GeForce GTX 1070 with Max-Q Design
LogInit: Compiled (64-bit): Jan 19 2019 02:07:31
LogInit: Compiled with Visual C++: 19.13.26129.00
LogInit: Build Configuration: Development
LogInit: Branch Name: ++UE4+Release-4.21
LogInit: Command Line: 
LogInit: Base Directory: F:/UE/UE_4.21/Engine/Binaries/Win64/
LogInit: Installed Engine Build: 1
LogDevObjectVersion: Number of dev versions registered: 22
LogDevObjectVersion:   Dev-Blueprints (B0D832E4-1F89-4F0D-ACCF-7EB736FD4AA2): 10
LogDevObjectVersion:   Dev-Build (E1C64328-A22C-4D53-A36C-8E866417BD8C): 0
LogDevObjectVersion:   Dev-Core (375EC13C-06E4-48FB-B500-84F0262A717E): 2
LogDevObjectVersion:   Dev-Editor (E4B068ED-F494-42E9-A231-DA0B2E46BB41): 26
LogDevObjectVersion:   Dev-Framework (CFFC743F-43B0-4480-9391-14DF171D2073): 34
LogDevObjectVersion:   Dev-Mobile (B02B49B5-BB20-44E9-A304-32B752E40360): 2
LogDevObjectVersion:   Dev-Networking (A4E4105C-59A1-49B5-A7C5-40C4547EDFEE): 0
LogDevObjectVersion:   Dev-Online (39C831C9-5AE6-47DC-9A44-9C173E1C8E7C): 0
LogDevObjectVersion:   Dev-Physics (78F01B33-EBEA-4F98-B9B4-84EACCB95AA2): 0
LogDevObjectVersion:   Dev-Platform (6631380F-2D4D-43E0-8009-CF276956A95A): 0
LogDevObjectVersion:   Dev-Rendering (12F88B9F-8875-4AFC-A67C-D90C383ABD29): 27
LogDevObjectVersion:   Dev-Sequencer (7B5AE74C-D270-4C10-A958-57980B212A5A): 9
LogDevObjectVersion:   Dev-VR (D7296918-1DD6-4BDD-9DE2-64A83CC13884): 2
LogDevObjectVersion:   Dev-LoadTimes (C2A15278-BFE7-4AFE-6C17-90FF531DF755): 1
LogDevObjectVersion:   Private-Geometry (6EACA3D4-40EC-4CC1-B786-8BED09428FC5): 3
LogDevObjectVersion:   Dev-AnimPhys (29E575DD-E0A3-4627-9D10-D276232CDCEA): 17
LogDevObjectVersion:   Dev-Anim (AF43A65D-7FD3-4947-9873-3E8ED9C1BB05): 2
LogDevObjectVersion:   Dev-ReflectionCapture (6B266CEC-1EC7-4B8F-A30B-E4D90942FC07): 1
LogDevObjectVersion:   Dev-Automation (0DF73D61-A23F-47EA-B727-89E90C41499A): 1
LogDevObjectVersion:   FortniteMain (601D1886-AC64-4F84-AA16-D3DE0DEAC7D6): 17
LogDevObjectVersion:   Dev-Enterprise (9DFFBCD6-494F-0158-E221-12823C92A888): 4
LogDevObjectVersion:   Dev-Niagara (F2AED0AC-9AFE-416F-8664-AA7FFA26D6FC): 1
LogStreaming: Display: Took  0.000s to delete old logs.
LogInit: Presizing for max 8388607 objects, including 0 objects not considered by GC, pre-allocating 0 bytes for permanent pool.
LogInit: Object subsystem initialized
LogConfig: Setting CVar [[con.DebugEarlyDefault:1]]
LogConfig: Setting CVar [[r.setres:1280x720]]
[2019.03.27-10.18.22:407][  0]LogConfig: Setting CVar [[r.VSync:0]]
[2019.03.27-10.18.22:407][  0]LogConfig: Setting CVar [[r.RHICmdBypass:0]]
[2019.03.27-10.18.22:407][  0]LogConfig: Applying CVar settings from Section [/Script/Engine.RendererSettings] File [F:/Study/FPS/Saved/Config/Windows/Engine.ini]
[2019.03.27-10.18.22:407][  0]LogConfig: Setting CVar [[r.GPUCrashDebugging:0]]
[2019.03.27-10.18.22:407][  0]LogConfig: Applying CVar settings from Section [/Script/Engine.RendererOverrideSettings] File [F:/Study/FPS/Saved/Config/Windows/Engine.ini]
[2019.03.27-10.18.22:407][  0]LogConfig: Applying CVar settings from Section [/Script/Engine.StreamingSettings] File [F:/Study/FPS/Saved/Config/Windows/Engine.ini]
[2019.03.27-10.18.22:407][  0]LogConfig: Setting CVar [[s.MinBulkDataSizeForAsyncLoading:131072]]
[2019.03.27-10.18.22:407][  0]LogConfig: Setting CVar [[s.AsyncLoadingThreadEnabled:0]]
[2019.03.27-10.18.22:407][  0]LogConfig: Setting CVar [[s.EventDrivenLoaderEnabled:1]]
[2019.03.27-10.18.22:407][  0]LogConfig: Setting CVar [[s.WarnIfTimeLimitExceeded:0]]
[2019.03.27-10.18.22:407][  0]LogConfig: Setting CVar [[s.TimeLimitExceededMultiplier:1.5]]
[2019.03.27-10.18.22:407][  0]LogConfig: Setting CVar [[s.TimeLimitExceededMinTime:0.005]]
[2019.03.27-10.18.22:407][  0]LogConfig: Setting CVar [[s.UseBackgroundLevelStreaming:1]]
[2019.03.27-10.18.22:407][  0]LogConfig: Setting CVar [[s.PriorityAsyncLoadingExtraTime:15.0]]
[2019.03.27-10.18.22:407][  0]LogConfig: Setting CVar [[s.LevelStreamingActorsUpdateTimeLimit:5.0]]
[2019.03.27-10.18.22:407][  0]LogConfig: Setting CVar [[s.PriorityLevelStreamingActorsUpdateExtraTime:5.0]]
[2019.03.27-10.18.22:407][  0]LogConfig: Setting CVar [[s.LevelStreamingComponentsRegistrationGranularity:10]]
[2019.03.27-10.18.22:407][  0]LogConfig: Setting CVar [[s.UnregisterComponentsTimeLimit:1.0]]
[2019.03.27-10.18.22:407][  0]LogConfig: Setting CVar [[s.LevelStreamingComponentsUnregistrationGranularity:5]]
[2019.03.27-10.18.22:407][  0]LogConfig: Applying CVar settings from Section [/Script/Engine.GarbageCollectionSettings] File [F:/Study/FPS/Saved/Config/Windows/Engine.ini]
[2019.03.27-10.18.22:407][  0]LogConfig: Setting CVar [[gc.MaxObjectsNotConsideredByGC:1]]
[2019.03.27-10.18.22:407][  0]LogConfig: Setting CVar [[gc.SizeOfPermanentObjectPool:0]]
[2019.03.27-10.18.22:407][  0]LogConfig: Setting CVar [[gc.FlushStreamingOnGC:0]]
[2019.03.27-10.18.22:407][  0]LogConfig: Setting CVar [[gc.NumRetriesBeforeForcingGC:10]]
[2019.03.27-10.18.22:407][  0]LogConfig: Setting CVar [[gc.AllowParallelGC:1]]
[2019.03.27-10.18.22:407][  0]LogConfig: Setting CVar [[gc.TimeBetweenPurgingPendingKillObjects:61.1]]
[2019.03.27-10.18.22:407][  0]LogConfig: Setting CVar [[gc.MaxObjectsInEditor:8388607]]
[2019.03.27-10.18.22:407][  0]LogConfig: Setting CVar [[gc.IncrementalBeginDestroyEnabled:1]]
[2019.03.27-10.18.22:407][  0]LogConfig: Setting CVar [[gc.CreateGCClusters:1]]
[2019.03.27-10.18.22:407][  0]LogConfig: Setting CVar [[gc.MergeGCClusters:0]]
[2019.03.27-10.18.22:407][  0]LogConfig: Setting CVar [[gc.MinGCClusterSize:5]]
[2019.03.27-10.18.22:407][  0]LogConfig: Setting CVar [[gc.ActorClusteringEnabled:0]]
[2019.03.27-10.18.22:407][  0]LogConfig: Setting CVar [[gc.BlueprintClusteringEnabled:0]]
[2019.03.27-10.18.22:407][  0]LogConfig: Setting CVar [[gc.UseDisregardForGCOnDedicatedServers:0]]
[2019.03.27-10.18.22:407][  0]LogConfig: Applying CVar settings from Section [/Script/Engine.NetworkSettings] File [F:/Study/FPS/Saved/Config/Windows/Engine.ini]
[2019.03.27-10.18.22:408][  0]LogConfig: Applying CVar settings from Section [/Script/UnrealEd.CookerSettings] File [F:/Study/FPS/Saved/Config/Windows/Engine.ini]
[2019.03.27-10.18.22:409][  0]LogConfig: Applying CVar settings from Section [ViewDistanceQuality@3] File [F:/Study/FPS/Saved/Config/Windows/Scalability.ini]
[2019.03.27-10.18.22:409][  0]LogConfig: Setting CVar [[r.SkeletalMeshLODBias:0]]
[2019.03.27-10.18.22:409][  0]LogConfig: Setting CVar [[r.ViewDistanceScale:1.0]]
[2019.03.27-10.18.22:409][  0]LogConfig: Applying CVar settings from Section [AntiAliasingQuality@3] File [F:/Study/FPS/Saved/Config/Windows/Scalability.ini]
[2019.03.27-10.18.22:409][  0]LogConfig: Setting CVar [[r.PostProcessAAQuality:4]]
[2019.03.27-10.18.22:409][  0]LogConfig: Applying CVar settings from Section [ShadowQuality@3] File [F:/Study/FPS/Saved/Config/Windows/Scalability.ini]
[2019.03.27-10.18.22:409][  0]LogConfig: Setting CVar [[r.LightFunctionQuality:1]]
[2019.03.27-10.18.22:409][  0]LogConfig: Setting CVar [[r.ShadowQuality:5]]
[2019.03.27-10.18.22:409][  0]LogConfig: Setting CVar [[r.Shadow.CSM.MaxCascades:10]]
[2019.03.27-10.18.22:409][  0]LogConfig: Setting CVar [[r.Shadow.MaxResolution:2048]]
[2019.03.27-10.18.22:409][  0]LogConfig: Setting CVar [[r.Shadow.MaxCSMResolution:2048]]
[2019.03.27-10.18.22:409][  0]LogConfig: Setting CVar [[r.Shadow.RadiusThreshold:0.01]]
[2019.03.27-10.18.22:409][  0]LogConfig: Setting CVar [[r.Shadow.DistanceScale:1.0]]
[2019.03.27-10.18.22:409][  0]LogConfig: Setting CVar [[r.Shadow.CSM.TransitionScale:1.0]]
[2019.03.27-10.18.22:409][  0]LogConfig: Setting CVar [[r.Shadow.PreShadowResolutionFactor:1.0]]
[2019.03.27-10.18.22:409][  0]LogConfig: Setting CVar [[r.DistanceFieldShadowing:1]]
[2019.03.27-10.18.22:409][  0]LogConfig: Setting CVar [[r.DistanceFieldAO:1]]
[2019.03.27-10.18.22:409][  0]LogConfig: Setting CVar [[r.AOQuality:2]]
[2019.03.27-10.18.22:409][  0]LogConfig: Setting CVar [[r.VolumetricFog:1]]
[2019.03.27-10.18.22:410][  0]LogConfig: Setting CVar [[r.VolumetricFog.GridPixelSize:8]]
[2019.03.27-10.18.22:410][  0]LogConfig: Setting CVar [[r.VolumetricFog.GridSizeZ:128]]
[2019.03.27-10.18.22:410][  0]LogConfig: Setting CVar [[r.VolumetricFog.HistoryMissSupersampleCount:4]]
[2019.03.27-10.18.22:410][  0]LogConfig: Setting CVar [[r.LightMaxDrawDistanceScale:1]]
[2019.03.27-10.18.22:410][  0]LogConfig: Setting CVar [[r.CapsuleShadows:1]]
[2019.03.27-10.18.22:410][  0]LogConfig: Applying CVar settings from Section [PostProcessQuality@3] File [F:/Study/FPS/Saved/Config/Windows/Scalability.ini]
[2019.03.27-10.18.22:410][  0]LogConfig: Setting CVar [[r.MotionBlurQuality:4]]
[2019.03.27-10.18.22:410][  0]LogConfig: Setting CVar [[r.AmbientOcclusionMipLevelFactor:0.4]]
[2019.03.27-10.18.22:410][  0]LogConfig: Setting CVar [[r.AmbientOcclusionMaxQuality:100]]
[2019.03.27-10.18.22:410][  0]LogConfig: Setting CVar [[r.AmbientOcclusionLevels:-1]]
[2019.03.27-10.18.22:410][  0]LogConfig: Setting CVar [[r.AmbientOcclusionRadiusScale:1.0]]
[2019.03.27-10.18.22:410][  0]LogConfig: Setting CVar [[r.DepthOfFieldQuality:2]]
[2019.03.27-10.18.22:410][  0]LogConfig: Setting CVar [[r.RenderTargetPoolMin:400]]
[2019.03.27-10.18.22:410][  0]LogConfig: Setting CVar [[r.LensFlareQuality:2]]
[2019.03.27-10.18.22:410][  0]LogConfig: Setting CVar [[r.SceneColorFringeQuality:1]]
[2019.03.27-10.18.22:410][  0]LogConfig: Setting CVar [[r.EyeAdaptationQuality:2]]
[2019.03.27-10.18.22:410][  0]LogConfig: Setting CVar [[r.BloomQuality:5]]
[2019.03.27-10.18.22:410][  0]LogConfig: Setting CVar [[r.FastBlurThreshold:100]]
[2019.03.27-10.18.22:410][  0]LogConfig: Setting CVar [[r.Upscale.Quality:3]]
[2019.03.27-10.18.22:410][  0]LogConfig: Setting CVar [[r.Tonemapper.GrainQuantization:1]]
[2019.03.27-10.18.22:410][  0]LogConfig: Setting CVar [[r.LightShaftQuality:1]]
[2019.03.27-10.18.22:410][  0]LogConfig: Setting CVar [[r.Filter.SizeScale:1]]
[2019.03.27-10.18.22:410][  0]LogConfig: Setting CVar [[r.Tonemapper.Quality:5]]
[2019.03.27-10.18.22:410][  0]LogConfig: Setting CVar [[r.DOF.Gather.AccumulatorQuality:1        ; higher gathering accumulator quality]]
[2019.03.27-10.18.22:410][  0]LogConfig: Setting CVar [[r.DOF.Gather.PostfilterMethod:1          ; Median3x3 postfilering method]]
[2019.03.27-10.18.22:410][  0]LogConfig: Setting CVar [[r.DOF.Gather.EnableBokehSettings:0       ; no bokeh simulation when gathering]]
[2019.03.27-10.18.22:410][  0]LogConfig: Setting CVar [[r.DOF.Gather.RingCount:4                 ; medium number of samples when gathering]]
[2019.03.27-10.18.22:410][  0]LogConfig: Setting CVar [[r.DOF.Scatter.ForegroundCompositing:1    ; additive foreground scattering]]
[2019.03.27-10.18.22:410][  0]LogConfig: Setting CVar [[r.DOF.Scatter.BackgroundCompositing:2    ; additive background scattering]]
[2019.03.27-10.18.22:410][  0]LogConfig: Setting CVar [[r.DOF.Scatter.EnableBokehSettings:1      ; bokeh simulation when scattering]]
[2019.03.27-10.18.22:410][  0]LogConfig: Setting CVar [[r.DOF.Scatter.MaxSpriteRatio:0.1         ; only a maximum of 10% of scattered bokeh]]
[2019.03.27-10.18.22:410][  0]LogConfig: Setting CVar [[r.DOF.Recombine.Quality:1                ; cheap slight out of focus]]
[2019.03.27-10.18.22:410][  0]LogConfig: Setting CVar [[r.DOF.Recombine.EnableBokehSettings:0    ; no bokeh simulation on slight out of focus]]
[2019.03.27-10.18.22:410][  0]LogConfig: Setting CVar [[r.DOF.TemporalAAQuality:1                ; more stable temporal accumulation]]
[2019.03.27-10.18.22:410][  0]LogConfig: Setting CVar [[r.DOF.Kernel.MaxForegroundRadius:0.025]]
[2019.03.27-10.18.22:410][  0]LogConfig: Setting CVar [[r.DOF.Kernel.MaxBackgroundRadius:0.025]]
[2019.03.27-10.18.22:410][  0]LogConfig: Applying CVar settings from Section [TextureQuality@3] File [F:/Study/FPS/Saved/Config/Windows/Scalability.ini]
[2019.03.27-10.18.22:410][  0]LogConfig: Setting CVar [[r.Streaming.MipBias:0]]
[2019.03.27-10.18.22:410][  0]LogConfig: Setting CVar [[r.Streaming.AmortizeCPUToGPUCopy:0]]
[2019.03.27-10.18.22:410][  0]LogConfig: Setting CVar [[r.Streaming.MaxNumTexturesToStreamPerFrame:0]]
[2019.03.27-10.18.22:410][  0]LogConfig: Setting CVar [[r.Streaming.Boost:1]]
[2019.03.27-10.18.22:410][  0]LogConfig: Setting CVar [[r.MaxAnisotropy:8]]
[2019.03.27-10.18.22:410][  0]LogConfig: Setting CVar [[r.Streaming.LimitPoolSizeToVRAM:0]]
[2019.03.27-10.18.22:410][  0]LogConfig: Setting CVar [[r.Streaming.PoolSize:1000]]
[2019.03.27-10.18.22:410][  0]LogConfig: Setting CVar [[r.Streaming.MaxEffectiveScreenSize:0]]
[2019.03.27-10.18.22:410][  0]LogConfig: Applying CVar settings from Section [EffectsQuality@3] File [F:/Study/FPS/Saved/Config/Windows/Scalability.ini]
[2019.03.27-10.18.22:410][  0]LogConfig: Setting CVar [[r.TranslucencyLightingVolumeDim:64]]
[2019.03.27-10.18.22:410][  0]LogConfig: Setting CVar [[r.RefractionQuality:2]]
[2019.03.27-10.18.22:410][  0]LogConfig: Setting CVar [[r.SSR.Quality:3]]
[2019.03.27-10.18.22:410][  0]LogConfig: Setting CVar [[r.SceneColorFormat:4]]
[2019.03.27-10.18.22:410][  0]LogConfig: Setting CVar [[r.DetailMode:2]]
[2019.03.27-10.18.22:410][  0]LogConfig: Setting CVar [[r.TranslucencyVolumeBlur:1]]
[2019.03.27-10.18.22:410][  0]LogConfig: Setting CVar [[r.MaterialQualityLevel:1 ; High quality]]
[2019.03.27-10.18.22:410][  0]LogConfig: Setting CVar [[r.SSS.Scale:1]]
[2019.03.27-10.18.22:410][  0]LogConfig: Setting CVar [[r.SSS.SampleSet:2]]
[2019.03.27-10.18.22:410][  0]LogConfig: Setting CVar [[r.SSS.Quality:1]]
[2019.03.27-10.18.22:410][  0]LogConfig: Setting CVar [[r.SSS.HalfRes:1]]
[2019.03.27-10.18.22:410][  0]LogConfig: Setting CVar [[r.EmitterSpawnRateScale:1.0]]
[2019.03.27-10.18.22:410][  0]LogConfig: Setting CVar [[r.ParticleLightQuality:2]]
[2019.03.27-10.18.22:410][  0]LogConfig: Applying CVar settings from Section [FoliageQuality@3] File [F:/Study/FPS/Saved/Config/Windows/Scalability.ini]
[2019.03.27-10.18.22:410][  0]LogConfig: Setting CVar [[foliage.DensityScale:1.0]]
[2019.03.27-10.18.22:410][  0]LogConfig: Setting CVar [[grass.DensityScale:1.0]]
[2019.03.27-10.18.22:410][  0]LogInit: Selected Device Profile: [Windows]
[2019.03.27-10.18.22:410][  0]LogInit: Applying CVar settings loaded from the selected device profile: [Windows]
[2019.03.27-10.18.22:419][  0]LogHAL: Display: Platform has ~ 16 GB [17053204480 / 17179869184 / 16], which maps to Larger [LargestMinGB=32, LargerMinGB=12, DefaultMinGB=8, SmallerMinGB=6, SmallestMinGB=0)
[2019.03.27-10.18.22:419][  0]LogConfig: Setting CVar [[r.Vulkan.UseRealUBs:1]]
[2019.03.27-10.18.22:419][  0]LogInit: Going up to parent DeviceProfile []
[2019.03.27-10.18.22:419][  0]LogConfig: Applying CVar settings from Section [ViewDistanceQuality@3] File [F:/Study/FPS/Saved/Config/Windows/Scalability.ini]
[2019.03.27-10.18.22:419][  0]LogConfig: Setting CVar [[r.SkeletalMeshLODBias:0]]
[2019.03.27-10.18.22:419][  0]LogConfig: Setting CVar [[r.ViewDistanceScale:1.0]]
[2019.03.27-10.18.22:419][  0]LogConfig: Applying CVar settings from Section [AntiAliasingQuality@3] File [F:/Study/FPS/Saved/Config/Windows/Scalability.ini]
[2019.03.27-10.18.22:419][  0]LogConfig: Setting CVar [[r.PostProcessAAQuality:4]]
[2019.03.27-10.18.22:419][  0]LogConfig: Applying CVar settings from Section [ShadowQuality@3] File [F:/Study/FPS/Saved/Config/Windows/Scalability.ini]
[2019.03.27-10.18.22:419][  0]LogConfig: Setting CVar [[r.LightFunctionQuality:1]]
[2019.03.27-10.18.22:419][  0]LogConfig: Setting CVar [[r.ShadowQuality:5]]
[2019.03.27-10.18.22:419][  0]LogConfig: Setting CVar [[r.Shadow.CSM.MaxCascades:10]]
[2019.03.27-10.18.22:419][  0]LogConfig: Setting CVar [[r.Shadow.MaxResolution:2048]]
[2019.03.27-10.18.22:419][  0]LogConfig: Setting CVar [[r.Shadow.MaxCSMResolution:2048]]
[2019.03.27-10.18.22:419][  0]LogConfig: Setting CVar [[r.Shadow.RadiusThreshold:0.01]]
[2019.03.27-10.18.22:419][  0]LogConfig: Setting CVar [[r.Shadow.DistanceScale:1.0]]
[2019.03.27-10.18.22:419][  0]LogConfig: Setting CVar [[r.Shadow.CSM.TransitionScale:1.0]]
[2019.03.27-10.18.22:419][  0]LogConfig: Setting CVar [[r.Shadow.PreShadowResolutionFactor:1.0]]
[2019.03.27-10.18.22:419][  0]LogConfig: Setting CVar [[r.DistanceFieldShadowing:1]]
[2019.03.27-10.18.22:419][  0]LogConfig: Setting CVar [[r.DistanceFieldAO:1]]
[2019.03.27-10.18.22:419][  0]LogConfig: Setting CVar [[r.AOQuality:2]]
[2019.03.27-10.18.22:419][  0]LogConfig: Setting CVar [[r.VolumetricFog:1]]
[2019.03.27-10.18.22:419][  0]LogConfig: Setting CVar [[r.VolumetricFog.GridPixelSize:8]]
[2019.03.27-10.18.22:419][  0]LogConfig: Setting CVar [[r.VolumetricFog.GridSizeZ:128]]
[2019.03.27-10.18.22:419][  0]LogConfig: Setting CVar [[r.VolumetricFog.HistoryMissSupersampleCount:4]]
[2019.03.27-10.18.22:419][  0]LogConfig: Setting CVar [[r.LightMaxDrawDistanceScale:1]]
[2019.03.27-10.18.22:419][  0]LogConfig: Setting CVar [[r.CapsuleShadows:1]]
[2019.03.27-10.18.22:420][  0]LogConfig: Applying CVar settings from Section [PostProcessQuality@3] File [F:/Study/FPS/Saved/Config/Windows/Scalability.ini]
[2019.03.27-10.18.22:420][  0]LogConfig: Setting CVar [[r.MotionBlurQuality:4]]
[2019.03.27-10.18.22:420][  0]LogConfig: Setting CVar [[r.AmbientOcclusionMipLevelFactor:0.4]]
[2019.03.27-10.18.22:420][  0]LogConfig: Setting CVar [[r.AmbientOcclusionMaxQuality:100]]
[2019.03.27-10.18.22:420][  0]LogConfig: Setting CVar [[r.AmbientOcclusionLevels:-1]]
[2019.03.27-10.18.22:420][  0]LogConfig: Setting CVar [[r.AmbientOcclusionRadiusScale:1.0]]
[2019.03.27-10.18.22:420][  0]LogConfig: Setting CVar [[r.DepthOfFieldQuality:2]]
[2019.03.27-10.18.22:420][  0]LogConfig: Setting CVar [[r.RenderTargetPoolMin:400]]
[2019.03.27-10.18.22:420][  0]LogConfig: Setting CVar [[r.LensFlareQuality:2]]
[2019.03.27-10.18.22:420][  0]LogConfig: Setting CVar [[r.SceneColorFringeQuality:1]]
[2019.03.27-10.18.22:420][  0]LogConfig: Setting CVar [[r.EyeAdaptationQuality:2]]
[2019.03.27-10.18.22:420][  0]LogConfig: Setting CVar [[r.BloomQuality:5]]
[2019.03.27-10.18.22:420][  0]LogConfig: Setting CVar [[r.FastBlurThreshold:100]]
[2019.03.27-10.18.22:420][  0]LogConfig: Setting CVar [[r.Upscale.Quality:3]]
[2019.03.27-10.18.22:420][  0]LogConfig: Setting CVar [[r.Tonemapper.GrainQuantization:1]]
[2019.03.27-10.18.22:420][  0]LogConfig: Setting CVar [[r.LightShaftQuality:1]]
[2019.03.27-10.18.22:420][  0]LogConfig: Setting CVar [[r.Filter.SizeScale:1]]
[2019.03.27-10.18.22:420][  0]LogConfig: Setting CVar [[r.Tonemapper.Quality:5]]
[2019.03.27-10.18.22:420][  0]LogConfig: Setting CVar [[r.DOF.Gather.AccumulatorQuality:1        ; higher gathering accumulator quality]]
[2019.03.27-10.18.22:420][  0]LogConfig: Setting CVar [[r.DOF.Gather.PostfilterMethod:1          ; Median3x3 postfilering method]]
[2019.03.27-10.18.22:420][  0]LogConfig: Setting CVar [[r.DOF.Gather.EnableBokehSettings:0       ; no bokeh simulation when gathering]]
[2019.03.27-10.18.22:420][  0]LogConfig: Setting CVar [[r.DOF.Gather.RingCount:4                 ; medium number of samples when gathering]]
[2019.03.27-10.18.22:420][  0]LogConfig: Setting CVar [[r.DOF.Scatter.ForegroundCompositing:1    ; additive foreground scattering]]
[2019.03.27-10.18.22:420][  0]LogConfig: Setting CVar [[r.DOF.Scatter.BackgroundCompositing:2    ; additive background scattering]]
[2019.03.27-10.18.22:420][  0]LogConfig: Setting CVar [[r.DOF.Scatter.EnableBokehSettings:1      ; bokeh simulation when scattering]]
[2019.03.27-10.18.22:420][  0]LogConfig: Setting CVar [[r.DOF.Scatter.MaxSpriteRatio:0.1         ; only a maximum of 10% of scattered bokeh]]
[2019.03.27-10.18.22:420][  0]LogConfig: Setting CVar [[r.DOF.Recombine.Quality:1                ; cheap slight out of focus]]
[2019.03.27-10.18.22:420][  0]LogConfig: Setting CVar [[r.DOF.Recombine.EnableBokehSettings:0    ; no bokeh simulation on slight out of focus]]
[2019.03.27-10.18.22:420][  0]LogConfig: Setting CVar [[r.DOF.TemporalAAQuality:1                ; more stable temporal accumulation]]
[2019.03.27-10.18.22:420][  0]LogConfig: Setting CVar [[r.DOF.Kernel.MaxForegroundRadius:0.025]]
[2019.03.27-10.18.22:420][  0]LogConfig: Setting CVar [[r.DOF.Kernel.MaxBackgroundRadius:0.025]]
[2019.03.27-10.18.22:420][  0]LogConfig: Applying CVar settings from Section [TextureQuality@3] File [F:/Study/FPS/Saved/Config/Windows/Scalability.ini]
[2019.03.27-10.18.22:420][  0]LogConfig: Setting CVar [[r.Streaming.MipBias:0]]
[2019.03.27-10.18.22:420][  0]LogConfig: Setting CVar [[r.Streaming.AmortizeCPUToGPUCopy:0]]
[2019.03.27-10.18.22:420][  0]LogConfig: Setting CVar [[r.Streaming.MaxNumTexturesToStreamPerFrame:0]]
[2019.03.27-10.18.22:420][  0]LogConfig: Setting CVar [[r.Streaming.Boost:1]]
[2019.03.27-10.18.22:420][  0]LogConfig: Setting CVar [[r.MaxAnisotropy:8]]
[2019.03.27-10.18.22:420][  0]LogConfig: Setting CVar [[r.Streaming.LimitPoolSizeToVRAM:0]]
[2019.03.27-10.18.22:420][  0]LogConfig: Setting CVar [[r.Streaming.PoolSize:1000]]
[2019.03.27-10.18.22:420][  0]LogConfig: Setting CVar [[r.Streaming.MaxEffectiveScreenSize:0]]
[2019.03.27-10.18.22:420][  0]LogConfig: Applying CVar settings from Section [EffectsQuality@3] File [F:/Study/FPS/Saved/Config/Windows/Scalability.ini]
[2019.03.27-10.18.22:420][  0]LogConfig: Setting CVar [[r.TranslucencyLightingVolumeDim:64]]
[2019.03.27-10.18.22:420][  0]LogConfig: Setting CVar [[r.RefractionQuality:2]]
[2019.03.27-10.18.22:420][  0]LogConfig: Setting CVar [[r.SSR.Quality:3]]
[2019.03.27-10.18.22:420][  0]LogConfig: Setting CVar [[r.SceneColorFormat:4]]
[2019.03.27-10.18.22:420][  0]LogConfig: Setting CVar [[r.DetailMode:2]]
[2019.03.27-10.18.22:420][  0]LogConfig: Setting CVar [[r.TranslucencyVolumeBlur:1]]
[2019.03.27-10.18.22:420][  0]LogConfig: Setting CVar [[r.MaterialQualityLevel:1 ; High quality]]
[2019.03.27-10.18.22:420][  0]LogConfig: Setting CVar [[r.SSS.Scale:1]]
[2019.03.27-10.18.22:420][  0]LogConfig: Setting CVar [[r.SSS.SampleSet:2]]
[2019.03.27-10.18.22:420][  0]LogConfig: Setting CVar [[r.SSS.Quality:1]]
[2019.03.27-10.18.22:420][  0]LogConfig: Setting CVar [[r.SSS.HalfRes:1]]
[2019.03.27-10.18.22:420][  0]LogConfig: Setting CVar [[r.EmitterSpawnRateScale:1.0]]
[2019.03.27-10.18.22:420][  0]LogConfig: Setting CVar [[r.ParticleLightQuality:2]]
[2019.03.27-10.18.22:420][  0]LogConfig: Applying CVar settings from Section [FoliageQuality@3] File [F:/Study/FPS/Saved/Config/Windows/Scalability.ini]
[2019.03.27-10.18.22:420][  0]LogConfig: Setting CVar [[foliage.DensityScale:1.0]]
[2019.03.27-10.18.22:420][  0]LogConfig: Setting CVar [[grass.DensityScale:1.0]]
[2019.03.27-10.18.22:420][  0]LogConfig: Applying CVar settings from Section [Startup] File [../../../Engine/Config/ConsoleVariables.ini]
[2019.03.27-10.18.22:420][  0]LogConfig: Setting CVar [[net.UseAdaptiveNetUpdateFrequency:0]]
[2019.03.27-10.18.22:420][  0]LogConfig: Applying CVar settings from Section [ConsoleVariables] File [F:/Study/FPS/Saved/Config/Windows/Engine.ini]
[2019.03.27-10.18.22:421][  0]LogInit: Computer: LAPTOP-2MLCTL81
[2019.03.27-10.18.22:421][  0]LogInit: User: 何梓源
[2019.03.27-10.18.22:421][  0]LogInit: CPU Page size=4096, Cores=6
[2019.03.27-10.18.22:421][  0]LogInit: High frequency timer resolution =2.156248 MHz
[2019.03.27-10.18.22:421][  0]LogMemory: Memory total: Physical=15.9GB (16GB approx)
[2019.03.27-10.18.22:421][  0]LogMemory: Platform Memory Stats for Windows
[2019.03.27-10.18.22:421][  0]LogMemory: Process Physical Memory: 103.96 MB used, 103.96 MB peak
[2019.03.27-10.18.22:421][  0]LogMemory: Process Virtual Memory: 86.82 MB used, 86.82 MB peak
[2019.03.27-10.18.22:421][  0]LogMemory: Physical Memory: 7036.16 MB used,  9227.04 MB free, 16263.20 MB total
[2019.03.27-10.18.22:421][  0]LogMemory: Virtual Memory: 4665.77 MB used,  134213064.00 MB free, 134217728.00 MB total
[2019.03.27-10.18.22:435][  0]LogInit: Overriding language with editor language configuration option (en).
[2019.03.27-10.18.22:435][  0]LogInit: Overriding locale with editor locale configuration option (en).
[2019.03.27-10.18.22:745][  0]LogStreaming: Display: Took  0.310s to InitEngineTextLocalization.
[2019.03.27-10.18.22:746][  0]LogInit: Setting process to per monitor DPI aware
[2019.03.27-10.18.22:779][  0]LogSlate: New Slate User Created.  User Index 0, Is Virtual User: 0
[2019.03.27-10.18.22:779][  0]LogSlate: Slate User Registered.  User Index 0, Is Virtual User: 0
[2019.03.27-10.18.22:918][  0]LogHMD: Failed to initialize OpenVR with code 110
[2019.03.27-10.18.22:918][  0]LogD3D11RHI: D3D11 adapters:
[2019.03.27-10.18.22:987][  0]LogD3D11RHI:    0. 'NVIDIA GeForce GTX 1070 with Max-Q Design' (Feature Level 11_0)
[2019.03.27-10.18.22:987][  0]LogD3D11RHI:       8082/0/8131 MB DedicatedVideo/DedicatedSystem/SharedSystem, Outputs:1, VendorId:0x10de
[2019.03.27-10.18.22:989][  0]LogD3D11RHI:    1. 'Microsoft Basic Render Driver' (Feature Level 11_0)
[2019.03.27-10.18.22:989][  0]LogD3D11RHI:       0/0/8131 MB DedicatedVideo/DedicatedSystem/SharedSystem, Outputs:0, VendorId:0x1414
[2019.03.27-10.18.22:989][  0]LogD3D11RHI: Chosen D3D11 Adapter: 0
[2019.03.27-10.18.22:996][  0]LogD3D11RHI: Creating new Direct3DDevice
[2019.03.27-10.18.22:996][  0]LogD3D11RHI:     GPU DeviceId: 0x1be1 (for the marketing name, search the web for "GPU Device Id")
[2019.03.27-10.18.22:996][  0]LogWindows: EnumDisplayDevices:
[2019.03.27-10.18.22:996][  0]LogWindows:    0. 'NVIDIA GeForce GTX 1070 with Max-Q Design' (P:1 D:1)
[2019.03.27-10.18.22:997][  0]LogWindows:    1. 'NVIDIA GeForce GTX 1070 with Max-Q Design' (P:0 D:0)
[2019.03.27-10.18.22:997][  0]LogWindows:    2. 'NVIDIA GeForce GTX 1070 with Max-Q Design' (P:0 D:0)
[2019.03.27-10.18.22:997][  0]LogWindows:    3. 'NVIDIA GeForce GTX 1070 with Max-Q Design' (P:0 D:0)
[2019.03.27-10.18.22:997][  0]LogWindows: DebugString: FoundDriverCount:4 
[2019.03.27-10.18.22:997][  0]LogD3D11RHI:     Adapter Name: NVIDIA GeForce GTX 1070 with Max-Q Design
[2019.03.27-10.18.22:997][  0]LogD3D11RHI:   Driver Version: 419.67 (internal:25.21.14.1967, unified:419.67)
[2019.03.27-10.18.22:997][  0]LogD3D11RHI:      Driver Date: 3-17-2019
[2019.03.27-10.18.22:997][  0]LogRHI: Texture pool is 5657 MB (70% of 8082 MB)
[2019.03.27-10.18.23:033][  0]LogD3D11RHI: Async texture creation enabled
[2019.03.27-10.18.23:050][  0]LogD3D11RHI: GPU Timing Frequency: 1000.000000 (Debug: 2 1)
[2019.03.27-10.18.23:326][  0]LogTemp: Display: Loaded TP AllDesktopTargetPlatform
[2019.03.27-10.18.23:335][  0]LogTemp: Display: Loaded TP MacClientTargetPlatform
[2019.03.27-10.18.23:346][  0]LogTemp: Display: Loaded TP MacNoEditorTargetPlatform
[2019.03.27-10.18.23:356][  0]LogTemp: Display: Loaded TP MacServerTargetPlatform
[2019.03.27-10.18.23:366][  0]LogTemp: Display: Loaded TP MacTargetPlatform
[2019.03.27-10.18.23:375][  0]LogTemp: Display: Loaded TP WindowsClientTargetPlatform
[2019.03.27-10.18.23:387][  0]LogTemp: Display: Loaded TP WindowsNoEditorTargetPlatform
[2019.03.27-10.18.23:396][  0]LogTemp: Display: Loaded TP WindowsServerTargetPlatform
[2019.03.27-10.18.23:400][  0]LogTemp: Display: Loaded TP WindowsTargetPlatform
[2019.03.27-10.18.23:456][  0]LogTemp: Display: Loaded TP AndroidTargetPlatform
[2019.03.27-10.18.23:456][  0]LogTemp: Display: Loaded TP AndroidTargetPlatform
[2019.03.27-10.18.23:456][  0]LogTemp: Display: Loaded TP AndroidTargetPlatform
[2019.03.27-10.18.23:456][  0]LogTemp: Display: Loaded TP AndroidTargetPlatform
[2019.03.27-10.18.23:456][  0]LogTemp: Display: Loaded TP AndroidTargetPlatform
[2019.03.27-10.18.23:456][  0]LogTemp: Display: Loaded TP AndroidTargetPlatform
[2019.03.27-10.18.23:456][  0]LogTemp: Display: Loaded TP AndroidTargetPlatform
[2019.03.27-10.18.23:456][  0]LogTemp: Display: Loaded TP AndroidTargetPlatform
[2019.03.27-10.18.23:456][  0]LogTemp: Display: Loaded TP AndroidTargetPlatform
[2019.03.27-10.18.23:456][  0]LogTemp: Display: Loaded TP AndroidTargetPlatform
[2019.03.27-10.18.23:456][  0]LogTemp: Display: Loaded TP AndroidTargetPlatform
[2019.03.27-10.18.23:456][  0]LogTemp: Display: Loaded TP AndroidTargetPlatform
[2019.03.27-10.18.23:456][  0]LogTemp: Display: Loaded TP AndroidTargetPlatform
[2019.03.27-10.18.23:456][  0]LogTemp: Display: Loaded TP AndroidTargetPlatform
[2019.03.27-10.18.23:456][  0]LogTemp: Display: Loaded TP AndroidTargetPlatform
[2019.03.27-10.18.23:456][  0]LogTemp: Display: Loaded TP AndroidTargetPlatform
[2019.03.27-10.18.23:456][  0]LogTemp: Display: Loaded TP AndroidTargetPlatform
[2019.03.27-10.18.23:456][  0]LogTemp: Display: Loaded TP AndroidTargetPlatform
[2019.03.27-10.18.23:457][  0]LogTemp: Display: Loaded TP HTML5TargetPlatform
[2019.03.27-10.18.23:510][  0]LogTemp: Display: Loaded TP IOSTargetPlatform
[2019.03.27-10.18.23:510][  0]LogTemp: Display: Loaded TP IOSTargetPlatform
[2019.03.27-10.18.23:528][  0]LogTemp: Display: Loaded TP TVOSTargetPlatform
[2019.03.27-10.18.23:528][  0]LogTemp: Display: Loaded TP TVOSTargetPlatform
[2019.03.27-10.18.23:537][  0]LogTemp: Display: Loaded TP LinuxClientTargetPlatform
[2019.03.27-10.18.23:547][  0]LogTemp: Display: Loaded TP LinuxNoEditorTargetPlatform
[2019.03.27-10.18.23:556][  0]LogTemp: Display: Loaded TP LinuxServerTargetPlatform
[2019.03.27-10.18.23:566][  0]LogTemp: Display: Loaded TP LinuxTargetPlatform
[2019.03.27-10.18.23:600][  0]LogTemp: Display: Loaded TP LuminTargetPlatform
[2019.03.27-10.18.23:600][  0]LogTemp: Display: Loaded TP LuminTargetPlatform
[2019.03.27-10.18.23:600][  0]LogTargetPlatformManager: Display: Building Assets For Windows
[2019.03.27-10.18.23:633][  0]LogShaderCompilers: Guid format shader working directory is 19 characters bigger than the processId version (../../../../../Study/FPS/Intermediate/Shaders/WorkingDirectory/24900/).
[2019.03.27-10.18.23:633][  0]LogShaderCompilers: Cleaned the shader compiler working directory 'C:/Users/何梓源/AppData/Local/Temp/UnrealShaderWorkingDir/E9257ED74617C27C84E1AF9B04E0BE85/'.
[2019.03.27-10.18.23:634][  0]LogXGEController: Cleaning working directory: C:/Users/何梓源/AppData/Local/Temp/UnrealXGEWorkingDir/
[2019.03.27-10.18.23:634][  0]LogXGEController: Cannot use XGE Controller as Incredibuild is not installed on this machine.
[2019.03.27-10.18.23:634][  0]LogShaderCompilers: Cannot use XGE Shader Compiler as Incredibuild is not installed on this machine.
[2019.03.27-10.18.23:634][  0]LogShaderCompilers: Display: Using Local Shader Compiler.
[2019.03.27-10.18.24:085][  0]LogDerivedDataCache: Display: Max Cache Size: 512 MB
[2019.03.27-10.18.24:134][  0]LogDerivedDataCache: Loaded boot cache 0.05s 71MB C:/Users/何梓源/AppData/Local/UnrealEngine/4.21/DerivedDataCache/Boot.ddc.
[2019.03.27-10.18.24:134][  0]LogDerivedDataCache: Display: Loaded Boot cache: C:/Users/何梓源/AppData/Local/UnrealEngine/4.21/DerivedDataCache/Boot.ddc
[2019.03.27-10.18.24:136][  0]LogDerivedDataCache: Display: Pak cache opened for reading ../../../../../Study/FPS/DerivedDataCache/DDC.ddp.
[2019.03.27-10.18.24:136][  0]LogDerivedDataCache: FDerivedDataBackendGraph:  CompressedPak pak cache file ../../../../../Study/FPS/DerivedDataCache/Compressed.ddp not found, will not use a pak cache.
[2019.03.27-10.18.24:136][  0]LogDerivedDataCache: Unable to find inner node CompressedPak for hierarchical cache Hierarchy.
[2019.03.27-10.18.24:150][  0]LogDerivedDataCache: Display: Pak cache opened for reading ../../../Engine/DerivedDataCache/Compressed.ddp.
[2019.03.27-10.18.24:150][  0]LogDerivedDataCache: FDerivedDataBackendGraph:  EnterprisePak pak cache file ../../../Enterprise/DerivedDataCache/Compressed.ddp not found, will not use a pak cache.
[2019.03.27-10.18.24:150][  0]LogDerivedDataCache: Unable to find inner node EnterprisePak for hierarchical cache Hierarchy.
[2019.03.27-10.18.24:162][  0]LogDerivedDataCache: Using Local data cache path C:/Users/何梓源/AppData/Local/UnrealEngine/Common/DerivedDataCache: Writable
[2019.03.27-10.18.24:162][  0]LogDerivedDataCache: Shared data cache path not found in *engine.ini, will not use an Shared cache.
[2019.03.27-10.18.24:162][  0]LogDerivedDataCache: Unable to find inner node Shared for hierarchical cache Hierarchy.
[2019.03.27-10.18.24:181][  0]LogMaterial: Verifying Global Shaders for PCD3D_SM5
[2019.03.27-10.18.24:182][  0]LogSlate: Using FreeType 2.6.0
[2019.03.27-10.18.24:183][  0]LogSlate: SlateFontServices - WITH_FREETYPE: 1, WITH_HARFBUZZ: 1
[2019.03.27-10.18.24:256][  0]LogAssetRegistry: FAssetRegistry took 0.0309 seconds to start up
[2019.03.27-10.18.24:509][  0]LogInit: Selected Device Profile: [Windows]
[2019.03.27-10.18.24:628][  0]LogSimplygon: Simplygon DLL not present - disabling.
[2019.03.27-10.18.24:630][  0]LogMeshReduction: Using SimplygonSwarm for distributed automatic mesh merging
[2019.03.27-10.18.24:630][  0]LogMeshReduction: Using ProxyLODMeshReduction for automatic mesh merging
[2019.03.27-10.18.24:630][  0]LogMeshReduction: Using QuadricMeshReduction for automatic static mesh reduction
[2019.03.27-10.18.24:630][  0]LogMeshReduction: No automatic skeletal mesh reduction module available
[2019.03.27-10.18.24:640][  0]LogNetVersion: MyProject4 1.0.0, NetCL: 4541578, EngineNetVer: 5, GameNetVer: 0 (Checksum: 3806790884)
[2019.03.27-10.18.25:004][  0]LogPackageLocalizationCache: Processed 11 localized package path(s) for 1 prioritized culture(s) in 0.033146 seconds
[2019.03.27-10.18.25:009][  0]LogUObjectArray: 39775 objects as part of root set at end of initial load.
[2019.03.27-10.18.25:009][  0]LogUObjectAllocator: 6914656 out of 0 bytes used by permanent object pool.
[2019.03.27-10.18.25:009][  0]LogUObjectArray: CloseDisregardForGC: 0/0 objects in disregard for GC pool
[2019.03.27-10.18.25:674][  0]LogTcpMessaging: Initializing TcpMessaging bridge
[2019.03.27-10.18.25:686][  0]LogUdpMessaging: Initializing bridge on interface 0.0.0.0:0 to multicast group 230.0.0.1:6666.
[2019.03.27-10.18.26:247][  0]SourceControl: Source control is disabled
[2019.03.27-10.18.26:247][  0]SourceControl: Source control is disabled
[2019.03.27-10.18.26:248][  0]SourceControl: Source control is disabled
[2019.03.27-10.18.26:249][  0]SourceControl: Source control is disabled
[2019.03.27-10.18.26:388][  0]LogAndroidPermission: UAndroidPermissionCallbackProxy::GetInstance
[2019.03.27-10.18.26:439][  0]LogOcInput: OculusInput pre-init called
[2019.03.27-10.18.26:558][  0]LogEngine: Initializing Engine...
[2019.03.27-10.18.26:559][  0]LogHMD: Failed to initialize OpenVR with code 110
[2019.03.27-10.18.26:560][  0]LogStats: UGameplayTagsManager::ConstructGameplayTagTree: ImportINI prefixes -  0.000 s
[2019.03.27-10.18.26:560][  0]LogStats: UGameplayTagsManager::ConstructGameplayTagTree: Construct from data asset -  0.000 s
[2019.03.27-10.18.26:560][  0]LogStats: UGameplayTagsManager::ConstructGameplayTagTree: ImportINI -  0.000 s
[2019.03.27-10.18.26:560][  0]LogStats: UGameplayTagsManager::ConstructGameplayTagTree: GameplayTagTreeChangedEvent.Broadcast -  0.000 s
[2019.03.27-10.18.26:758][  0]LogInit: Initializing FReadOnlyCVARCache
[2019.03.27-10.18.26:770][  0]LogAIModule: Creating AISystem for world Untitled
[2019.03.27-10.18.26:781][  0]LogInit: XAudio2 using '耳机 (HUAWEI USB-C HEADSET)' : 2 channels at 48 kHz using 16 bits per sample (channel mask 0x3)
[2019.03.27-10.18.26:794][  0]LogInit: FAudioDevice initialized.
[2019.03.27-10.18.26:794][  0]LogNetVersion: Set ProjectVersion to 1.0.0.0. Version Checksum will be recalculated on next use.
[2019.03.27-10.18.26:837][  0]LogDerivedDataCache: Saved boot cache 0.04s 71MB C:/Users/何梓源/AppData/Local/UnrealEngine/4.21/DerivedDataCache/Boot.ddc.
[2019.03.27-10.18.26:848][  0]LogInit: Texture streaming: Enabled
[2019.03.27-10.18.26:857][  0]LogEngineSessionManager: EngineSessionManager initialized
[2019.03.27-10.18.26:868][  0]LogInit: Transaction tracking system initialized
[2019.03.27-10.18.26:881][  0]BlueprintLog: New page: Editor Load
[2019.03.27-10.18.26:921][  0]LocalizationService: Localization service is disabled
[2019.03.27-10.18.27:271][  0]LogFileCache: Scanning file cache for directory 'F:/Study/FPS/Content/' took 0.01s
[2019.03.27-10.18.27:271][  0]LogCook: Display: Max memory allowance for cook 16384mb min free memory 0mb
[2019.03.27-10.18.27:271][  0]LogCook: Display: Mobile HDR setting 1
[2019.03.27-10.18.27:271][  0]LogGameplayTags: Display: UGameplayTagsManager::DoneAddingNativeTags. DelegateIsBound: 0
[2019.03.27-10.18.27:271][  0]LogStats: UGameplayTagsManager::ConstructGameplayTagTree: ImportINI prefixes -  0.000 s
[2019.03.27-10.18.27:271][  0]LogStats: UGameplayTagsManager::ConstructGameplayTagTree: Construct from data asset -  0.000 s
[2019.03.27-10.18.27:271][  0]LogStats: UGameplayTagsManager::ConstructGameplayTagTree: ImportINI -  0.000 s
[2019.03.27-10.18.27:271][  0]LogStats: UGameplayTagsManager::ConstructGameplayTagTree: GameplayTagTreeChangedEvent.Broadcast -  0.000 s
[2019.03.27-10.18.27:355][  0]SourceControl: Source control is disabled
[2019.03.27-10.18.27:355][  0]Cmd: MAP LOAD FILE="../../../../../Study/FPS/Content/FirstPersonBP/Maps/FirstPersonExampleMap.umap" TEMPLATE=0 SHOWPROGRESS=1 FEATURELEVEL=3
[2019.03.27-10.18.27:355][  0]LightingResults: New page: Lighting Build
[2019.03.27-10.18.27:356][  0]MapCheck: New page: Map Check
[2019.03.27-10.18.27:356][  0]LightingResults: New page: Lighting Build
[2019.03.27-10.18.28:152][  0]LogAIModule: Creating AISystem for world FirstPersonExampleMap
[2019.03.27-10.18.28:164][  0]LogEditorServer: Finished looking for orphan Actors (0.000 secs)
[2019.03.27-10.18.28:193][  0]Cmd: MAP CHECKDEP NOCLEARLOG
[2019.03.27-10.18.28:193][  0]MapCheck: Map check complete: 0 Error(s), 0 Warning(s), took 0.091ms to complete.
[2019.03.27-10.18.28:193][  0]LogFileHelpers: Loading map 'FirstPersonExampleMap' took 0.839
[2019.03.27-10.18.28:285][  0]LogSlate: Updating window title bar state: overlay mode, drag disabled, window buttons hidden, title bar hidden
[2019.03.27-10.18.28:291][  0]LogSlate: Updating window title bar state: overlay mode, drag disabled, window buttons hidden, title bar hidden
[2019.03.27-10.18.28:297][  0]LogSlate: Updating window title bar state: overlay mode, drag disabled, window buttons hidden, title bar hidden
[2019.03.27-10.18.28:303][  0]LogSlate: Updating window title bar state: overlay mode, drag disabled, window buttons hidden, title bar hidden
[2019.03.27-10.18.28:307][  0]LogCollectionManager: Loaded 0 collections in 0.000705 seconds
[2019.03.27-10.18.28:321][  0]LogFileCache: Scanning file cache for directory 'F:/Study/FPS/Saved/Collections/' took 0.01s
[2019.03.27-10.18.28:321][  0]LogFileCache: Scanning file cache for directory 'F:/Study/FPS/Content/Developers/何梓源/Collections/' took 0.00s
[2019.03.27-10.18.28:321][  0]LogFileCache: Scanning file cache for directory 'F:/Study/FPS/Content/Collections/' took 0.00s
[2019.03.27-10.18.28:321][  0]LogCollectionManager: Rebuilt the GUID cache for 0 collections in 0.000000 seconds
[2019.03.27-10.18.28:330][  0]LogContentBrowser: Native class hierarchy populated in 0.0094 seconds. Added 2661 classes and 627 folders.
[2019.03.27-10.18.28:334][  0]LogContentBrowser: Native class hierarchy updated for 'WidgetCarousel' in 0.0008 seconds. Added 0 classes and 0 folders.
[2019.03.27-10.18.28:336][  0]LogPakFile: Registered encryption key '00000000000000000000000000000000': 0 pak files mounted, 0 remain pending
[2019.03.27-10.18.28:336][  0]LogPakFile: Registered encryption key '00000000000000000000000000000000': 0 pak files mounted, 0 remain pending
[2019.03.27-10.18.28:336][  0]LogPakFile: Registered encryption key '00000000000000000000000000000000': 0 pak files mounted, 0 remain pending
[2019.03.27-10.18.28:337][  0]LogPakFile: Registered encryption key '00000000000000000000000000000000': 0 pak files mounted, 0 remain pending
[2019.03.27-10.18.28:337][  0]LogPakFile: Registered encryption key '00000000000000000000000000000000': 0 pak files mounted, 0 remain pending
[2019.03.27-10.18.28:337][  0]LogPakFile: Registered encryption key '00000000000000000000000000000000': 0 pak files mounted, 0 remain pending
[2019.03.27-10.18.28:338][  0]LogPakFile: Registered encryption key '00000000000000000000000000000000': 0 pak files mounted, 0 remain pending
[2019.03.27-10.18.28:338][  0]LogPakFile: Registered encryption key '00000000000000000000000000000000': 0 pak files mounted, 0 remain pending
[2019.03.27-10.18.28:338][  0]LogPakFile: Registered encryption key '00000000000000000000000000000000': 0 pak files mounted, 0 remain pending
[2019.03.27-10.18.28:339][  0]LogPakFile: Registered encryption key '00000000000000000000000000000000': 0 pak files mounted, 0 remain pending
[2019.03.27-10.18.28:339][  0]LogPakFile: Registered encryption key '00000000000000000000000000000000': 0 pak files mounted, 0 remain pending
[2019.03.27-10.18.28:339][  0]LogPakFile: Registered encryption key '00000000000000000000000000000000': 0 pak files mounted, 0 remain pending
[2019.03.27-10.18.28:340][  0]LogPakFile: Registered encryption key '00000000000000000000000000000000': 0 pak files mounted, 0 remain pending
[2019.03.27-10.18.28:340][  0]LogPakFile: Registered encryption key '00000000000000000000000000000000': 0 pak files mounted, 0 remain pending
[2019.03.27-10.18.28:340][  0]LogPakFile: Registered encryption key '00000000000000000000000000000000': 0 pak files mounted, 0 remain pending
[2019.03.27-10.18.28:341][  0]LogPakFile: Registered encryption key '00000000000000000000000000000000': 0 pak files mounted, 0 remain pending
[2019.03.27-10.18.28:341][  0]LogPakFile: Registered encryption key '00000000000000000000000000000000': 0 pak files mounted, 0 remain pending
[2019.03.27-10.18.28:341][  0]LogPakFile: Registered encryption key '00000000000000000000000000000000': 0 pak files mounted, 0 remain pending
[2019.03.27-10.18.28:342][  0]LogPakFile: Registered encryption key '00000000000000000000000000000000': 0 pak files mounted, 0 remain pending
[2019.03.27-10.18.28:342][  0]LogPakFile: Registered encryption key '00000000000000000000000000000000': 0 pak files mounted, 0 remain pending
[2019.03.27-10.18.28:342][  0]LogPakFile: Registered encryption key '00000000000000000000000000000000': 0 pak files mounted, 0 remain pending
[2019.03.27-10.18.28:343][  0]LogPakFile: Registered encryption key '00000000000000000000000000000000': 0 pak files mounted, 0 remain pending
[2019.03.27-10.18.28:343][  0]LogPakFile: Registered encryption key '00000000000000000000000000000000': 0 pak files mounted, 0 remain pending
[2019.03.27-10.18.28:344][  0]LogPakFile: Registered encryption key '00000000000000000000000000000000': 0 pak files mounted, 0 remain pending
[2019.03.27-10.18.28:344][  0]LogPakFile: Registered encryption key '00000000000000000000000000000000': 0 pak files mounted, 0 remain pending
[2019.03.27-10.18.28:345][  0]LogPakFile: Registered encryption key '00000000000000000000000000000000': 0 pak files mounted, 0 remain pending
[2019.03.27-10.18.28:367][  0]LogContentBrowser: Native class hierarchy updated for 'AddContentDialog' in 0.0010 seconds. Added 0 classes and 0 folders.
[2019.03.27-10.18.28:370][  0]LogContentBrowser: Native class hierarchy updated for 'SceneOutliner' in 0.0009 seconds. Added 1 classes and 2 folders.
[2019.03.27-10.18.28:383][  0]LogSlate: Took 0.000182 seconds to synchronously load lazily loaded font '../../../Engine/Content/Slate/Fonts/Roboto-Regular.ttf' (155K)
[2019.03.27-10.18.28:385][  0]LogSlate: Took 0.000113 seconds to synchronously load lazily loaded font '../../../Engine/Content/Slate/Fonts/Roboto-Bold.ttf' (160K)
[2019.03.27-10.18.28:389][  0]LogSlate: Took 0.000141 seconds to synchronously load lazily loaded font '../../../Engine/Content/Editor/Slate/Fonts/FontAwesome.ttf' (139K)
[2019.03.27-10.18.28:454][  0]LogRenderer: Reallocating scene render targets to support 1188x560 Format 10 NumSamples 1 (Frame:1).
[2019.03.27-10.18.28:500][  0]LogSlate: Took 0.000189 seconds to synchronously load lazily loaded font '../../../Engine/Content/Slate/Fonts/Roboto-Light.ttf' (167K)
[2019.03.27-10.18.28:563][  0]LogContentBrowser: Native class hierarchy updated for 'HierarchicalLODOutliner' in 0.0009 seconds. Added 0 classes and 0 folders.
[2019.03.27-10.18.28:563][  0]LogLoad: (Engine Initialization) Total time: 7.50 seconds
[2019.03.27-10.18.28:563][  0]LogLoad: (Engine Initialization) Total Blueprint compile time: 0.00 seconds
[2019.03.27-10.18.28:581][  0]LogWindowsTextInputMethodSystem: Display: IME system now activated using TSF (微软拼音).
[2019.03.27-10.18.28:648][  0]LogContentStreaming: Texture pool size now 1000 MB
[2019.03.27-10.18.28:763][  2]LogAssetRegistry: Asset discovery search completed in 4.5291 seconds
[2019.03.27-10.18.28:764][  2]LogCollectionManager: Rebuilt the object cache for 0 collections in 0.000000 seconds (found 0 objects)
[2019.03.27-10.18.28:764][  2]LogCollectionManager: Fixed up redirectors for 0 collections in 0.000042 seconds (updated 0 objects)
[2019.03.27-10.18.29:727][ 60]LogEditorViewport: Clicking on Actor (LMB): StaticMeshActor (Floor)
[2019.03.27-10.18.30:636][112]LogEditorViewport: Clicking on Actor (LMB): StaticMeshActor (Wall1)
[2019.03.27-10.18.32:336][212]LogSlate: FSceneViewport::OnFocusLost() reason 0
[2019.03.27-10.18.32:419][217]LogTemp: Repeating last play command: Selected Viewport
[2019.03.27-10.18.32:434][217]LogBlueprintUserMessages: Early PlayInEditor Detection: Level '/Game/FirstPersonBP/Maps/FirstPersonExampleMap.FirstPersonExampleMap:PersistentLevel' has LevelScriptBlueprint '/Game/FirstPersonBP/Maps/FirstPersonExampleMap.FirstPersonExampleMap:PersistentLevel.FirstPersonExampleMap' with GeneratedClass '/Game/FirstPersonBP/Maps/FirstPersonExampleMap.FirstPersonExampleMap_C' with ClassGeneratedBy '/Game/FirstPersonBP/Maps/FirstPersonExampleMap.FirstPersonExampleMap:PersistentLevel.FirstPersonExampleMap'
[2019.03.27-10.18.32:434][217]LogPlayLevel: PlayLevel: No blueprints needed recompiling
[2019.03.27-10.18.32:434][217]PIE: New page: PIE session: FirstPersonExampleMap (Mar 28, 2019, 2:18:32 AM)
[2019.03.27-10.18.32:446][217]LogPlayLevel: Creating play world package: /Game/FirstPersonBP/Maps/UEDPIE_0_FirstPersonExampleMap
[2019.03.27-10.18.32:465][217]LogPlayLevel: PIE: StaticDuplicateObject took: (0.019014s)
[2019.03.27-10.18.32:466][217]LogAIModule: Creating AISystem for world FirstPersonExampleMap
[2019.03.27-10.18.32:466][217]LogPlayLevel: PIE: World Init took: (0.000682s)
[2019.03.27-10.18.32:466][217]LogPlayLevel: PIE: Created PIE world by copying editor world from /Game/FirstPersonBP/Maps/FirstPersonExampleMap.FirstPersonExampleMap to /Game/FirstPersonBP/Maps/UEDPIE_0_FirstPersonExampleMap.FirstPersonExampleMap (0.019960s)
[2019.03.27-10.18.32:498][217]LogInit: XAudio2 using '耳机 (HUAWEI USB-C HEADSET)' : 2 channels at 48 kHz using 16 bits per sample (channel mask 0x3)
[2019.03.27-10.18.32:506][217]LogInit: FAudioDevice initialized.
[2019.03.27-10.18.32:545][217]LogLoad: Game class is 'FirstPersonGameMode_C'
[2019.03.27-10.18.32:549][217]LogWorld: Bringing World /Game/FirstPersonBP/Maps/UEDPIE_0_FirstPersonExampleMap.FirstPersonExampleMap up for play (max tick rate 60) at 2019.03.27-18.18.32
[2019.03.27-10.18.32:550][217]LogWorld: Bringing up level for play took: 0.003078
[2019.03.27-10.18.32:565][217]LogContentBrowser: Native class hierarchy updated for 'MovieSceneCapture' in 0.0009 seconds. Added 20 classes and 0 folders.
[2019.03.27-10.18.32:565][217]PIE: Play in editor start time for /Game/FirstPersonBP/Maps/UEDPIE_0_FirstPersonExampleMap -0.776
[2019.03.27-10.18.32:565][217]LogBlueprintUserMessages: Late PlayInEditor Detection: Level '/Game/FirstPersonBP/Maps/FirstPersonExampleMap.FirstPersonExampleMap:PersistentLevel' has LevelScriptBlueprint '/Game/FirstPersonBP/Maps/FirstPersonExampleMap.FirstPersonExampleMap:PersistentLevel.FirstPersonExampleMap' with GeneratedClass '/Game/FirstPersonBP/Maps/FirstPersonExampleMap.FirstPersonExampleMap_C' with ClassGeneratedBy '/Game/FirstPersonBP/Maps/FirstPersonExampleMap.FirstPersonExampleMap:PersistentLevel.FirstPersonExampleMap'
[2019.03.27-10.18.34:980][361]LogBlueprintUserMessages: Early EndPlayMap Detection: Level '/Game/FirstPersonBP/Maps/FirstPersonExampleMap.FirstPersonExampleMap:PersistentLevel' has LevelScriptBlueprint '/Game/FirstPersonBP/Maps/FirstPersonExampleMap.FirstPersonExampleMap:PersistentLevel.FirstPersonExampleMap' with GeneratedClass '/Game/FirstPersonBP/Maps/FirstPersonExampleMap.FirstPersonExampleMap_C' with ClassGeneratedBy '/Game/FirstPersonBP/Maps/FirstPersonExampleMap.FirstPersonExampleMap:PersistentLevel.FirstPersonExampleMap'
[2019.03.27-10.18.34:980][361]LogSlate: Updating window title bar state: overlay mode, drag disabled, window buttons hidden, title bar hidden
[2019.03.27-10.18.35:010][361]LogPlayLevel: Display: Shutting down PIE online subsystems
[2019.03.27-10.18.35:011][361]LogBlueprintUserMessages: Late EndPlayMap Detection: Level '/Game/FirstPersonBP/Maps/FirstPersonExampleMap.FirstPersonExampleMap:PersistentLevel' has LevelScriptBlueprint '/Game/FirstPersonBP/Maps/FirstPersonExampleMap.FirstPersonExampleMap:PersistentLevel.FirstPersonExampleMap' with GeneratedClass '/Game/FirstPersonBP/Maps/FirstPersonExampleMap.FirstPersonExampleMap_C' with ClassGeneratedBy '/Game/FirstPersonBP/Maps/FirstPersonExampleMap.FirstPersonExampleMap:PersistentLevel.FirstPersonExampleMap'
[2019.03.27-10.18.35:034][361]LogSlate: Updating window title bar state: overlay mode, drag disabled, window buttons hidden, title bar hidden
[2019.03.27-10.18.35:085][364]LogPlayLevel: Display: Destroying online subsystem :Context_6
[2019.03.27-10.19.18:534][759]LogSlate: FSceneViewport::OnFocusLost() reason 0
[2019.03.27-10.19.21:298][871]LogSlate: Took 0.000147 seconds to synchronously load lazily loaded font '../../../Engine/Content/Slate/Fonts/Roboto-Light.ttf' (167K)
[2019.03.27-10.19.21:305][871]LogAssetEditorManager: Opening Asset editor for Blueprint /Game/Blueprints/SK_Mannequin_PhysicsAsset_Blueprint.SK_Mannequin_PhysicsAsset_Blueprint
[2019.03.27-10.19.21:705][871]LogContentBrowser: Native class hierarchy updated for 'BlueprintGraph' in 0.0012 seconds. Added 117 classes and 0 folders.
[2019.03.27-10.19.25:102][ 28]LogSlate: Window 'SK_Mannequin_PhysicsAsset_Blueprint' being destroyed
[2019.03.27-10.19.25:108][ 28]LogSlate: Window 'SK_Mannequin_PhysicsAsset_Blueprint' being destroyed
[2019.03.27-10.19.25:741][ 63]LogEditorViewport: Clicking on Actor (LMB): StaticMeshActor (Floor)
[2019.03.27-10.19.26:174][ 87]LogSlate: FSceneViewport::OnFocusLost() reason 0
[2019.03.27-10.19.32:478][367]LogSlate: Window 'Pick Parent Class' being destroyed
[2019.03.27-10.19.41:968][927]LogSlate: Took 0.003790 seconds to synchronously load lazily loaded font '../../../Engine/Content/Slate/Fonts/Roboto-Italic.ttf' (157K)
[2019.03.27-10.19.42:837][979]LogSlate: FSceneViewport::OnFocusLost() reason 2
[2019.03.27-10.19.44:241][ 63]LogSlate: FSceneViewport::OnFocusLost() reason 2
[2019.03.27-10.19.44:244][ 63]LogAssetEditorManager: Opening Asset editor for Blueprint /Game/Blueprints/NPC.NPC
[2019.03.27-10.19.44:574][ 64]LogRenderer: Reallocating scene render targets to support 1188x628 Format 10 NumSamples 1 (Frame:1).
[2019.03.27-10.20.01:304][ 42]BlueprintLog: New page: Compile NPC
[2019.03.27-10.20.01:976][ 63]Cmd: OBJ SAVEPACKAGE PACKAGE="/Game/Blueprints/NPC" FILE="../../../../../Study/FPS/Content/Blueprints/NPC.uasset" SILENT=true
[2019.03.27-10.20.02:030][ 63]LogSavePackage: Moving '../../../../../Study/FPS/Saved/NPC06BD3FFA46AEF3CAD0B7FB84FAEA1B37.tmp' to '../../../../../Study/FPS/Content/Blueprints/NPC.uasset'
[2019.03.27-10.20.03:155][130]LogSlate: FSceneViewport::OnFocusLost() reason 0
[2019.03.27-10.20.23:518][338]LogSlate: Took 0.044637 seconds to synchronously load lazily loaded font '../../../Engine/Content/Slate/Fonts/Roboto-BoldCondensed.ttf' (158K)
[2019.03.27-10.21.09:268][626]LogEditorTransaction: Undo Move Node
[2019.03.27-10.21.16:064][ 16]LogEditorTransaction: Undo Add Node
[2019.03.27-10.21.40:338][425]BlueprintLog: New page: Compile NPC
[2019.03.27-10.21.42:971][558]LogSlate: Window 'NPC*' being destroyed
[2019.03.27-10.21.42:977][558]LogSlate: Window 'NPC*' being destroyed
[2019.03.27-10.21.44:244][630]LogSlate: FSceneViewport::OnFocusLost() reason 0
[2019.03.27-10.21.48:016][844]LogContentBrowser: Verbose: The majority of assets in the view are of type: Skeleton
[2019.03.27-10.21.52:843][844]LogSlate: Window 'Create Animation Blueprint' being destroyed
[2019.03.27-10.21.53:331][872]LogLinker: Warning: Can't find file '/Game/Character/Mesh/SK_Mannequin'
[2019.03.27-10.21.53:331][872]LogLinker: Warning: Can't find file '/Game/Character/Mesh/SK_Mannequin'
[2019.03.27-10.21.53:331][872]LogUObjectGlobals: Warning: Failed to find object 'Object /Game/Character/Mesh/SK_Mannequin.SK_Mannequin'
[2019.03.27-10.22.06:038][468]LogMetaData: Removing '/Game/Blueprints/NPC_Animation.NPC_Animation:AnimGraph.AnimGraphNode_Root_0' ref from Metadata '/Game/Blueprints/NewAnimBlueprint.PackageMetaData'
[2019.03.27-10.22.06:038][468]LogMetaData: Removing '/Game/Blueprints/NPC_Animation.SKEL_NPC_Animation_C' ref from Metadata '/Game/Blueprints/NewAnimBlueprint.PackageMetaData'
[2019.03.27-10.22.06:038][468]LogMetaData: Removing '/Game/Blueprints/NPC_Animation.NPC_Animation_C' ref from Metadata '/Game/Blueprints/NewAnimBlueprint.PackageMetaData'
[2019.03.27-10.22.06:038][468]LogMetaData: Removing '/Game/Blueprints/NPC_Animation.NPC_Animation:EventGraph.K2Node_Event_0' ref from Metadata '/Game/Blueprints/NewAnimBlueprint.PackageMetaData'
[2019.03.27-10.22.06:078][468]Cmd: OBJ SAVEPACKAGE PACKAGE="/Game/Blueprints/NPC_Animation" FILE="../../../../../Study/FPS/Content/Blueprints/NPC_Animation.uasset" SILENT=true
[2019.03.27-10.22.06:093][468]LogSavePackage: Moving '../../../../../Study/FPS/Saved/NPC_Animation590F5B7346B260184CC15F957A80F972.tmp' to '../../../../../Study/FPS/Content/Blueprints/NPC_Animation.uasset'
[2019.03.27-10.22.17:237][659]LogSlate: Window 'Pick Skeleton' being destroyed
[2019.03.27-10.22.30:169][319]LogAssetEditorManager: Opening Asset editor for BlendSpace1D /Game/Blueprints/NPC_Blend.NPC_Blend
[2019.03.27-10.22.30:316][319]LogContentBrowser: Native class hierarchy updated for 'SkeletonEditor' in 0.0009 seconds. Added 1 classes and 2 folders.
[2019.03.27-10.22.30:842][319]LogActorComponent: RegisterComponentWithWorld: (/Engine/Transient.World_14:PersistentLevel.AnimationEditorPreviewActor_0.DebugSkelMeshComponent_0) Already registered. Aborting.
[2019.03.27-10.22.30:887][319]LogContentBrowser: Native class hierarchy updated for 'PinnedCommandList' in 0.0010 seconds. Added 1 classes and 0 folders.
[2019.03.27-10.22.31:113][319]LogSkeletalMesh: USkeletalMeshComponent::InitArticulated : Bodies already created (/Engine/Transient.World_14:PersistentLevel.AnimationEditorPreviewActor_0.DebugSkelMeshComponent_0) - call TermArticulated first.
[2019.03.27-10.22.31:868][319]LogContentBrowser: Native class hierarchy updated for 'ClothingSystemEditorInterface' in 0.0009 seconds. Added 1 classes and 0 folders.
[2019.03.27-10.22.31:901][319]LogContentBrowser: Verbose: The majority of assets in the view are of type: AnimSequence
[2019.03.27-10.24.29:939][227]Cmd: OBJ SAVEPACKAGE PACKAGE="/Game/Blueprints/NPC_Blend" FILE="../../../../../Study/FPS/Content/Blueprints/NPC_Blend.uasset" SILENT=true
[2019.03.27-10.24.29:955][227]LogSavePackage: Moving '../../../../../Study/FPS/Saved/NPC_BlendA23E60B74543706F2535639F36AE9269.tmp' to '../../../../../Study/FPS/Content/Blueprints/NPC_Blend.uasset'
[2019.03.27-10.24.33:299][426]LogAssetEditorManager: Opening Asset editor for AnimBlueprint /Game/Blueprints/NPC_Animation.NPC_Animation
[2019.03.27-10.24.33:370][426]LogActorComponent: RegisterComponentWithWorld: (/Engine/Transient.World_20:PersistentLevel.AnimationEditorPreviewActor_0.DebugSkelMeshComponent_0) Already registered. Aborting.
[2019.03.27-10.24.33:634][426]LogSkeletalMesh: USkeletalMeshComponent::InitArticulated : Bodies already created (/Engine/Transient.World_20:PersistentLevel.AnimationEditorPreviewActor_0.DebugSkelMeshComponent_0) - call TermArticulated first.
[2019.03.27-10.24.33:918][426]LogContentBrowser: Verbose: The majority of assets in the view are of type: AnimSequence
[2019.03.27-10.25.02:067][834]LogSlate: Window 'NPC_Animation' being destroyed
[2019.03.27-10.25.02:074][834]LogSlate: Window 'NPC_Animation' being destroyed
[2019.03.27-10.25.02:881][871]LogAssetEditorManager: Opening Asset editor for AnimBlueprint /Game/Blueprints/NPC_Animation.NPC_Animation
[2019.03.27-10.25.02:895][871]LogActorComponent: RegisterComponentWithWorld: (/Engine/Transient.World_23:PersistentLevel.AnimationEditorPreviewActor_0.DebugSkelMeshComponent_0) Already registered. Aborting.
[2019.03.27-10.25.03:132][871]LogSkeletalMesh: USkeletalMeshComponent::InitArticulated : Bodies already created (/Engine/Transient.World_23:PersistentLevel.AnimationEditorPreviewActor_0.DebugSkelMeshComponent_0) - call TermArticulated first.
[2019.03.27-10.25.03:419][871]LogContentBrowser: Verbose: The majority of assets in the view are of type: AnimSequence
[2019.03.27-10.25.21:262][901]LogSlate: Took 0.014795 seconds to synchronously load lazily loaded font '../../../Engine/Content/Slate/Fonts/Roboto-BoldCondensedItalic.ttf' (160K)
[2019.03.27-10.27.11:308][761]BlueprintLog: New page: Compile NPC_Animation
[2019.03.27-10.27.11:313][761]LogScript: Warning: Accessed None trying to read property CallFunc_TryGetPawnOwner_ReturnValue
	NPC_Animation_C /Engine/Transient.World_12:PersistentLevel.SkeletalMeshActor_0.SkeletalMeshComponent0.NPC_Animation_C_1
	Function /Game/Blueprints/NPC_Animation.NPC_Animation_C:ExecuteUbergraph_NPC_Animation:0040
[2019.03.27-10.27.11:314][761]LogScript: Warning: Accessed None trying to read property CallFunc_TryGetPawnOwner_ReturnValue
	NPC_Animation_C /Engine/Transient.World_11:PersistentLevel.SkeletalMeshActor_0.SkeletalMeshComponent0.NPC_Animation_C_2
	Function /Game/Blueprints/NPC_Animation.NPC_Animation_C:ExecuteUbergraph_NPC_Animation:0040
[2019.03.27-10.27.11:314][761]LogScript: Warning: Accessed None trying to read property CallFunc_TryGetPawnOwner_ReturnValue
	NPC_Animation_C /Engine/Transient.World_23:PersistentLevel.AnimationEditorPreviewActor_0.DebugSkelMeshComponent_0.NPC_Animation_C_1
	Function /Game/Blueprints/NPC_Animation.NPC_Animation_C:ExecuteUbergraph_NPC_Animation:0040
[2019.03.27-10.27.11:491][761]LogScript: Warning: Accessed None trying to read property CallFunc_TryGetPawnOwner_ReturnValue
	NPC_Animation_C /Engine/Transient.World_23:PersistentLevel.AnimationEditorPreviewActor_0.DebugSkelMeshComponent_0.NPC_Animation_C_1
	Function /Game/Blueprints/NPC_Animation.NPC_Animation_C:ExecuteUbergraph_NPC_Animation:0040
[2019.03.27-10.27.11:532][762]LogScript: Warning: Accessed None trying to read property CallFunc_TryGetPawnOwner_ReturnValue
	NPC_Animation_C /Engine/Transient.World_23:PersistentLevel.AnimationEditorPreviewActor_0.DebugSkelMeshComponent_0.NPC_Animation_C_1
	Function /Game/Blueprints/NPC_Animation.NPC_Animation_C:ExecuteUbergraph_NPC_Animation:0040
[2019.03.27-10.27.11:550][763]LogScript: Warning: Accessed None trying to read property CallFunc_TryGetPawnOwner_ReturnValue
	NPC_Animation_C /Engine/Transient.World_23:PersistentLevel.AnimationEditorPreviewActor_0.DebugSkelMeshComponent_0.NPC_Animation_C_1
	Function /Game/Blueprints/NPC_Animation.NPC_Animation_C:ExecuteUbergraph_NPC_Animation:0040
[2019.03.27-10.27.11:565][764]LogScript: Warning: Accessed None trying to read property CallFunc_TryGetPawnOwner_ReturnValue
	NPC_Animation_C /Engine/Transient.World_23:PersistentLevel.AnimationEditorPreviewActor_0.DebugSkelMeshComponent_0.NPC_Animation_C_1
	Function /Game/Blueprints/NPC_Animation.NPC_Animation_C:ExecuteUbergraph_NPC_Animation:0040
[2019.03.27-10.27.11:582][765]LogScript: Warning: Accessed None trying to read property CallFunc_TryGetPawnOwner_ReturnValue
	NPC_Animation_C /Engine/Transient.World_23:PersistentLevel.AnimationEditorPreviewActor_0.DebugSkelMeshComponent_0.NPC_Animation_C_1
	Function /Game/Blueprints/NPC_Animation.NPC_Animation_C:ExecuteUbergraph_NPC_Animation:0040
[2019.03.27-10.27.11:598][766]LogScript: Warning: Accessed None trying to read property CallFunc_TryGetPawnOwner_ReturnValue
	NPC_Animation_C /Engine/Transient.World_23:PersistentLevel.AnimationEditorPreviewActor_0.DebugSkelMeshComponent_0.NPC_Animation_C_1
	Function /Game/Blueprints/NPC_Animation.NPC_Animation_C:ExecuteUbergraph_NPC_Animation:0040
[2019.03.27-10.27.11:615][767]LogScript: Warning: Accessed None trying to read property CallFunc_TryGetPawnOwner_ReturnValue
	NPC_Animation_C /Engine/Transient.World_23:PersistentLevel.AnimationEditorPreviewActor_0.DebugSkelMeshComponent_0.NPC_Animation_C_1
	Function /Game/Blueprints/NPC_Animation.NPC_Animation_C:ExecuteUbergraph_NPC_Animation:0040
[2019.03.27-10.27.11:632][768]LogScript: Warning: Accessed None trying to read property CallFunc_TryGetPawnOwner_ReturnValue
	NPC_Animation_C /Engine/Transient.World_23:PersistentLevel.AnimationEditorPreviewActor_0.DebugSkelMeshComponent_0.NPC_Animation_C_1
	Function /Game/Blueprints/NPC_Animation.NPC_Animation_C:ExecuteUbergraph_NPC_Animation:0040
[2019.03.27-10.27.11:648][769]LogScript: Warning: Accessed None trying to read property CallFunc_TryGetPawnOwner_ReturnValue
	NPC_Animation_C /Engine/Transient.World_23:PersistentLevel.AnimationEditorPreviewActor_0.DebugSkelMeshComponent_0.NPC_Animation_C_1
	Function /Game/Blueprints/NPC_Animation.NPC_Animation_C:ExecuteUbergraph_NPC_Animation:0040
[2019.03.27-10.27.11:665][770]LogScript: Warning: Accessed None trying to read property CallFunc_TryGetPawnOwner_ReturnValue
	NPC_Animation_C /Engine/Transient.World_23:PersistentLevel.AnimationEditorPreviewActor_0.DebugSkelMeshComponent_0.NPC_Animation_C_1
	Function /Game/Blueprints/NPC_Animation.NPC_Animation_C:ExecuteUbergraph_NPC_Animation:0040
[2019.03.27-10.27.11:681][771]LogScript: Warning: Accessed None trying to read property CallFunc_TryGetPawnOwner_ReturnValue
	NPC_Animation_C /Engine/Transient.World_23:PersistentLevel.AnimationEditorPreviewActor_0.DebugSkelMeshComponent_0.NPC_Animation_C_1
	Function /Game/Blueprints/NPC_Animation.NPC_Animation_C:ExecuteUbergraph_NPC_Animation:0040
[2019.03.27-10.27.11:697][772]LogScript: Warning: Accessed None trying to read property CallFunc_TryGetPawnOwner_ReturnValue
	NPC_Animation_C /Engine/Transient.World_23:PersistentLevel.AnimationEditorPreviewActor_0.DebugSkelMeshComponent_0.NPC_Animation_C_1
	Function /Game/Blueprints/NPC_Animation.NPC_Animation_C:ExecuteUbergraph_NPC_Animation:0040
[2019.03.27-10.27.11:714][773]LogScript: Warning: Accessed None trying to read property CallFunc_TryGetPawnOwner_ReturnValue
	NPC_Animation_C /Engine/Transient.World_23:PersistentLevel.AnimationEditorPreviewActor_0.DebugSkelMeshComponent_0.NPC_Animation_C_1
	Function /Game/Blueprints/NPC_Animation.NPC_Animation_C:ExecuteUbergraph_NPC_Animation:0040
[2019.03.27-10.27.11:731][774]LogScript: Warning: Accessed None trying to read property CallFunc_TryGetPawnOwner_ReturnValue
	NPC_Animation_C /Engine/Transient.World_23:PersistentLevel.AnimationEditorPreviewActor_0.DebugSkelMeshComponent_0.NPC_Animation_C_1
	Function /Game/Blueprints/NPC_Animation.NPC_Animation_C:ExecuteUbergraph_NPC_Animation:0040
[2019.03.27-10.27.11:748][775]LogScript: Warning: Accessed None trying to read property CallFunc_TryGetPawnOwner_ReturnValue
	NPC_Animation_C /Engine/Transient.World_23:PersistentLevel.AnimationEditorPreviewActor_0.DebugSkelMeshComponent_0.NPC_Animation_C_1
	Function /Game/Blueprints/NPC_Animation.NPC_Animation_C:ExecuteUbergraph_NPC_Animation:0040
[2019.03.27-10.27.11:885][782]Cmd: OBJ SAVEPACKAGE PACKAGE="/Game/Blueprints/NPC_Animation" FILE="../../../../../Study/FPS/Content/Blueprints/NPC_Animation.uasset" SILENT=true
[2019.03.27-10.27.11:914][782]LogSavePackage: Moving '../../../../../Study/FPS/Saved/NPC_Animation2315479F423D5BD8E38390AD5DD214F9.tmp' to '../../../../../Study/FPS/Content/Blueprints/NPC_Animation.uasset'
[2019.03.27-10.27.13:223][860]LogSlate: Window 'NPC_Animation' being destroyed
[2019.03.27-10.27.13:227][860]LogSlate: Window 'NPC_Animation' being destroyed
[2019.03.27-10.27.14:062][900]LogTemp: Repeating last play command: Selected Viewport
[2019.03.27-10.27.14:077][900]LogBlueprintUserMessages: Early PlayInEditor Detection: Level '/Game/FirstPersonBP/Maps/FirstPersonExampleMap.FirstPersonExampleMap:PersistentLevel' has LevelScriptBlueprint '/Game/FirstPersonBP/Maps/FirstPersonExampleMap.FirstPersonExampleMap:PersistentLevel.FirstPersonExampleMap' with GeneratedClass '/Game/FirstPersonBP/Maps/FirstPersonExampleMap.FirstPersonExampleMap_C' with ClassGeneratedBy '/Game/FirstPersonBP/Maps/FirstPersonExampleMap.FirstPersonExampleMap:PersistentLevel.FirstPersonExampleMap'
[2019.03.27-10.27.14:077][900]BlueprintLog: New page: Pre-Play auto-recompile
[2019.03.27-10.27.14:079][900]LogPlayLevel: [PlayLevel] Compiling NPC before play...
[2019.03.27-10.27.14:296][900]LogPlayLevel: [PlayLevel] Compiling FirstPersonExampleMap before play...
[2019.03.27-10.27.14:458][900]LogPlayLevel: PlayLevel: Blueprint regeneration took 379 ms (2 blueprints)
[2019.03.27-10.27.14:458][900]PIE: New page: PIE session: FirstPersonExampleMap (Mar 28, 2019, 2:27:14 AM)
[2019.03.27-10.27.14:458][900]LogPlayLevel: Creating play world package: /Game/FirstPersonBP/Maps/UEDPIE_0_FirstPersonExampleMap
[2019.03.27-10.27.14:470][900]LogPlayLevel: PIE: StaticDuplicateObject took: (0.012777s)
[2019.03.27-10.27.14:470][900]LogAIModule: Creating AISystem for world FirstPersonExampleMap
[2019.03.27-10.27.14:471][900]LogPlayLevel: PIE: World Init took: (0.000659s)
[2019.03.27-10.27.14:471][900]LogPlayLevel: PIE: Created PIE world by copying editor world from /Game/FirstPersonBP/Maps/FirstPersonExampleMap.FirstPersonExampleMap to /Game/FirstPersonBP/Maps/UEDPIE_0_FirstPersonExampleMap.FirstPersonExampleMap (0.013574s)
[2019.03.27-10.27.14:507][900]LogInit: XAudio2 using '耳机 (HUAWEI USB-C HEADSET)' : 2 channels at 48 kHz using 16 bits per sample (channel mask 0x3)
[2019.03.27-10.27.14:516][900]LogInit: FAudioDevice initialized.
[2019.03.27-10.27.14:547][900]LogLoad: Game class is 'FirstPersonGameMode_C'
[2019.03.27-10.27.14:550][900]LogWorld: Bringing World /Game/FirstPersonBP/Maps/UEDPIE_0_FirstPersonExampleMap.FirstPersonExampleMap up for play (max tick rate 60) at 2019.03.27-18.27.14
[2019.03.27-10.27.14:551][900]LogWorld: Bringing up level for play took: 0.003056
[2019.03.27-10.27.14:563][900]PIE: Play in editor start time for /Game/FirstPersonBP/Maps/UEDPIE_0_FirstPersonExampleMap 1.222
[2019.03.27-10.27.14:563][900]LogBlueprintUserMessages: Late PlayInEditor Detection: Level '/Game/FirstPersonBP/Maps/FirstPersonExampleMap.FirstPersonExampleMap:PersistentLevel' has LevelScriptBlueprint '/Game/FirstPersonBP/Maps/FirstPersonExampleMap.FirstPersonExampleMap:PersistentLevel.FirstPersonExampleMap' with GeneratedClass '/Game/FirstPersonBP/Maps/FirstPersonExampleMap.FirstPersonExampleMap_C' with ClassGeneratedBy '/Game/FirstPersonBP/Maps/FirstPersonExampleMap.FirstPersonExampleMap:PersistentLevel.FirstPersonExampleMap'
[2019.03.27-10.27.17:166][ 56]LogBlueprintUserMessages: Early EndPlayMap Detection: Level '/Game/FirstPersonBP/Maps/FirstPersonExampleMap.FirstPersonExampleMap:PersistentLevel' has LevelScriptBlueprint '/Game/FirstPersonBP/Maps/FirstPersonExampleMap.FirstPersonExampleMap:PersistentLevel.FirstPersonExampleMap' with GeneratedClass '/Game/FirstPersonBP/Maps/FirstPersonExampleMap.FirstPersonExampleMap_C' with ClassGeneratedBy '/Game/FirstPersonBP/Maps/FirstPersonExampleMap.FirstPersonExampleMap:PersistentLevel.FirstPersonExampleMap'
[2019.03.27-10.27.17:166][ 56]LogSlate: Updating window title bar state: overlay mode, drag disabled, window buttons hidden, title bar hidden
[2019.03.27-10.27.17:198][ 56]LogPlayLevel: Display: Shutting down PIE online subsystems
[2019.03.27-10.27.17:198][ 56]LogBlueprintUserMessages: Late EndPlayMap Detection: Level '/Game/FirstPersonBP/Maps/FirstPersonExampleMap.FirstPersonExampleMap:PersistentLevel' has LevelScriptBlueprint '/Game/FirstPersonBP/Maps/FirstPersonExampleMap.FirstPersonExampleMap:PersistentLevel.FirstPersonExampleMap' with GeneratedClass '/Game/FirstPersonBP/Maps/FirstPersonExampleMap.FirstPersonExampleMap_C' with ClassGeneratedBy '/Game/FirstPersonBP/Maps/FirstPersonExampleMap.FirstPersonExampleMap:PersistentLevel.FirstPersonExampleMap'
[2019.03.27-10.27.17:222][ 56]LogSlate: Updating window title bar state: overlay mode, drag disabled, window buttons hidden, title bar hidden
[2019.03.27-10.27.17:276][ 59]LogPlayLevel: Display: Destroying online subsystem :Context_27
[2019.03.27-10.27.19:026][164]LogEditorViewport: Clicking on Actor (LMB): NPC_C (NPC)
[2019.03.27-10.27.20:390][242]LogSlate: FSceneViewport::OnFocusLost() reason 0
[2019.03.27-10.27.20:448][245]LogAssetEditorManager: Opening Asset editor for Blueprint /Game/Blueprints/NPC.NPC
[2019.03.27-10.27.38:711][308]LogSlate: Prevented a slow task dialog from being summoned while a context menu was open
[2019.03.27-10.27.44:822][671]BlueprintLog: New page: Compile NPC
[2019.03.27-10.27.45:349][682]Cmd: OBJ SAVEPACKAGE PACKAGE="/Game/Blueprints/NPC" FILE="../../../../../Study/FPS/Content/Blueprints/NPC.uasset" SILENT=true
[2019.03.27-10.27.45:379][682]LogSavePackage: Moving '../../../../../Study/FPS/Saved/NPC17263A1442E1124F4888A793B885C690.tmp' to '../../../../../Study/FPS/Content/Blueprints/NPC.uasset'
[2019.03.27-10.27.46:189][730]LogSlate: Window 'NPC' being destroyed
[2019.03.27-10.27.46:193][730]LogSlate: Window 'NPC' being destroyed
[2019.03.27-10.27.47:451][802]LogTemp: Repeating last play command: Selected Viewport
[2019.03.27-10.27.47:467][802]LogBlueprintUserMessages: Early PlayInEditor Detection: Level '/Game/FirstPersonBP/Maps/FirstPersonExampleMap.FirstPersonExampleMap:PersistentLevel' has LevelScriptBlueprint '/Game/FirstPersonBP/Maps/FirstPersonExampleMap.FirstPersonExampleMap:PersistentLevel.FirstPersonExampleMap' with GeneratedClass '/Game/FirstPersonBP/Maps/FirstPersonExampleMap.FirstPersonExampleMap_C' with ClassGeneratedBy '/Game/FirstPersonBP/Maps/FirstPersonExampleMap.FirstPersonExampleMap:PersistentLevel.FirstPersonExampleMap'
[2019.03.27-10.27.47:467][802]LogPlayLevel: PlayLevel: No blueprints needed recompiling
[2019.03.27-10.27.47:467][802]PIE: New page: PIE session: FirstPersonExampleMap (Mar 28, 2019, 2:27:47 AM)
[2019.03.27-10.27.47:467][802]LogPlayLevel: Creating play world package: /Game/FirstPersonBP/Maps/UEDPIE_0_FirstPersonExampleMap
[2019.03.27-10.27.47:481][802]LogPlayLevel: PIE: StaticDuplicateObject took: (0.013422s)
[2019.03.27-10.27.47:482][802]LogAIModule: Creating AISystem for world FirstPersonExampleMap
[2019.03.27-10.27.47:482][802]LogPlayLevel: PIE: World Init took: (0.000714s)
[2019.03.27-10.27.47:482][802]LogPlayLevel: PIE: Created PIE world by copying editor world from /Game/FirstPersonBP/Maps/FirstPersonExampleMap.FirstPersonExampleMap to /Game/FirstPersonBP/Maps/UEDPIE_0_FirstPersonExampleMap.FirstPersonExampleMap (0.014301s)
[2019.03.27-10.27.47:524][802]LogInit: XAudio2 using '耳机 (HUAWEI USB-C HEADSET)' : 2 channels at 48 kHz using 16 bits per sample (channel mask 0x3)
[2019.03.27-10.27.47:532][802]LogInit: FAudioDevice initialized.
[2019.03.27-10.27.47:562][802]LogLoad: Game class is 'FirstPersonGameMode_C'
[2019.03.27-10.27.47:565][802]LogWorld: Bringing World /Game/FirstPersonBP/Maps/UEDPIE_0_FirstPersonExampleMap.FirstPersonExampleMap up for play (max tick rate 60) at 2019.03.27-18.27.47
[2019.03.27-10.27.47:565][802]LogWorld: Bringing up level for play took: 0.002972
[2019.03.27-10.27.47:578][802]PIE: Play in editor start time for /Game/FirstPersonBP/Maps/UEDPIE_0_FirstPersonExampleMap 0.238
[2019.03.27-10.27.47:578][802]LogBlueprintUserMessages: Late PlayInEditor Detection: Level '/Game/FirstPersonBP/Maps/FirstPersonExampleMap.FirstPersonExampleMap:PersistentLevel' has LevelScriptBlueprint '/Game/FirstPersonBP/Maps/FirstPersonExampleMap.FirstPersonExampleMap:PersistentLevel.FirstPersonExampleMap' with GeneratedClass '/Game/FirstPersonBP/Maps/FirstPersonExampleMap.FirstPersonExampleMap_C' with ClassGeneratedBy '/Game/FirstPersonBP/Maps/FirstPersonExampleMap.FirstPersonExampleMap:PersistentLevel.FirstPersonExampleMap'
[2019.03.27-10.27.55:077][251]LogBlueprintUserMessages: Early EndPlayMap Detection: Level '/Game/FirstPersonBP/Maps/FirstPersonExampleMap.FirstPersonExampleMap:PersistentLevel' has LevelScriptBlueprint '/Game/FirstPersonBP/Maps/FirstPersonExampleMap.FirstPersonExampleMap:PersistentLevel.FirstPersonExampleMap' with GeneratedClass '/Game/FirstPersonBP/Maps/FirstPersonExampleMap.FirstPersonExampleMap_C' with ClassGeneratedBy '/Game/FirstPersonBP/Maps/FirstPersonExampleMap.FirstPersonExampleMap:PersistentLevel.FirstPersonExampleMap'
[2019.03.27-10.27.55:078][251]LogSlate: Updating window title bar state: overlay mode, drag disabled, window buttons hidden, title bar hidden
[2019.03.27-10.27.55:112][251]LogPlayLevel: Display: Shutting down PIE online subsystems
[2019.03.27-10.27.55:112][251]LogBlueprintUserMessages: Late EndPlayMap Detection: Level '/Game/FirstPersonBP/Maps/FirstPersonExampleMap.FirstPersonExampleMap:PersistentLevel' has LevelScriptBlueprint '/Game/FirstPersonBP/Maps/FirstPersonExampleMap.FirstPersonExampleMap:PersistentLevel.FirstPersonExampleMap' with GeneratedClass '/Game/FirstPersonBP/Maps/FirstPersonExampleMap.FirstPersonExampleMap_C' with ClassGeneratedBy '/Game/FirstPersonBP/Maps/FirstPersonExampleMap.FirstPersonExampleMap:PersistentLevel.FirstPersonExampleMap'
[2019.03.27-10.27.55:136][251]LogSlate: Updating window title bar state: overlay mode, drag disabled, window buttons hidden, title bar hidden
[2019.03.27-10.27.55:189][254]LogPlayLevel: Display: Destroying online subsystem :Context_29
[2019.03.27-10.28.01:363][567]LogEditorViewport: Clicking on Actor (LMB): NPC_C (NPC)
[2019.03.27-10.28.02:444][628]LogSlate: FSceneViewport::OnFocusLost() reason 0
[2019.03.27-10.28.02:533][633]LogAssetEditorManager: Opening Asset editor for Blueprint /Game/Blueprints/NPC.NPC
[2019.03.27-10.28.25:329][180]LogSlate: Window 'NPC' being destroyed
[2019.03.27-10.28.25:335][180]LogSlate: Window 'NPC' being destroyed
[2019.03.27-10.28.35:035][746]LogSlate: FSceneViewport::OnFocusLost() reason 0
[2019.03.27-10.28.45:013][338]LogSlate: FSceneViewport::OnFocusLost() reason 0
[2019.03.27-10.29.04:388][499]LogSlate: FSceneViewport::OnFocusLost() reason 0
[2019.03.27-10.29.09:354][797]LogSlate: FSceneViewport::OnFocusLost() reason 0
[2019.03.27-10.29.09:694][802]LogSavePackage: Moving '../../../../../Study/FPS/Saved/FirstPersonExampleMap40FE7BBA44EA4A148F01B68B26F79E2E.tmp' to '../../../../../Study/FPS/Content/FirstPersonBP/Maps/FirstPersonExampleMap.umap'
[2019.03.27-10.29.09:727][802]Cmd: OBJ SAVEPACKAGE PACKAGE="/Game/FirstPersonBP/Maps/FirstPersonExampleMap_BuiltData" FILE="../../../../../Study/FPS/Content/FirstPersonBP/Maps/FirstPersonExampleMap_BuiltData.uasset" SILENT=true
[2019.03.27-10.29.10:593][802]LogSavePackage: Moving '../../../../../Study/FPS/Saved/FirstPersonExampleMap_BuiltData78A6EF294A4E56F61A4853B882A87B6D.tmp' to '../../../../../Study/FPS/Content/FirstPersonBP/Maps/FirstPersonExampleMap_BuiltData.uasset'
[2019.03.27-10.29.10:993][825]LogTemp: Repeating last play command: Selected Viewport
[2019.03.27-10.29.11:009][825]LogBlueprintUserMessages: Early PlayInEditor Detection: Level '/Game/FirstPersonBP/Maps/FirstPersonExampleMap.FirstPersonExampleMap:PersistentLevel' has LevelScriptBlueprint '/Game/FirstPersonBP/Maps/FirstPersonExampleMap.FirstPersonExampleMap:PersistentLevel.FirstPersonExampleMap' with GeneratedClass '/Game/FirstPersonBP/Maps/FirstPersonExampleMap.FirstPersonExampleMap_C' with ClassGeneratedBy '/Game/FirstPersonBP/Maps/FirstPersonExampleMap.FirstPersonExampleMap:PersistentLevel.FirstPersonExampleMap'
[2019.03.27-10.29.11:009][825]LogPlayLevel: PlayLevel: No blueprints needed recompiling
[2019.03.27-10.29.11:009][825]PIE: New page: PIE session: FirstPersonExampleMap (Mar 28, 2019, 2:29:11 AM)
[2019.03.27-10.29.11:009][825]LogPlayLevel: Creating play world package: /Game/FirstPersonBP/Maps/UEDPIE_0_FirstPersonExampleMap
[2019.03.27-10.29.11:023][825]LogPlayLevel: PIE: StaticDuplicateObject took: (0.013363s)
[2019.03.27-10.29.11:024][825]LogAIModule: Creating AISystem for world FirstPersonExampleMap
[2019.03.27-10.29.11:024][825]LogPlayLevel: PIE: World Init took: (0.000950s)
[2019.03.27-10.29.11:024][825]LogPlayLevel: PIE: Created PIE world by copying editor world from /Game/FirstPersonBP/Maps/FirstPersonExampleMap.FirstPersonExampleMap to /Game/FirstPersonBP/Maps/UEDPIE_0_FirstPersonExampleMap.FirstPersonExampleMap (0.014472s)
[2019.03.27-10.29.11:058][825]LogInit: XAudio2 using '耳机 (HUAWEI USB-C HEADSET)' : 2 channels at 48 kHz using 16 bits per sample (channel mask 0x3)
[2019.03.27-10.29.11:066][825]LogInit: FAudioDevice initialized.
[2019.03.27-10.29.11:095][825]LogLoad: Game class is 'FirstPersonGameMode_C'
[2019.03.27-10.29.11:098][825]LogWorld: Bringing World /Game/FirstPersonBP/Maps/UEDPIE_0_FirstPersonExampleMap.FirstPersonExampleMap up for play (max tick rate 60) at 2019.03.27-18.29.11
[2019.03.27-10.29.11:099][825]LogWorld: Bringing up level for play took: 0.003277
[2019.03.27-10.29.11:112][825]PIE: Play in editor start time for /Game/FirstPersonBP/Maps/UEDPIE_0_FirstPersonExampleMap -0.228
[2019.03.27-10.29.11:112][825]LogBlueprintUserMessages: Late PlayInEditor Detection: Level '/Game/FirstPersonBP/Maps/FirstPersonExampleMap.FirstPersonExampleMap:PersistentLevel' has LevelScriptBlueprint '/Game/FirstPersonBP/Maps/FirstPersonExampleMap.FirstPersonExampleMap:PersistentLevel.FirstPersonExampleMap' with GeneratedClass '/Game/FirstPersonBP/Maps/FirstPersonExampleMap.FirstPersonExampleMap_C' with ClassGeneratedBy '/Game/FirstPersonBP/Maps/FirstPersonExampleMap.FirstPersonExampleMap:PersistentLevel.FirstPersonExampleMap'
[2019.03.27-10.29.21:461][445]LogBlueprintUserMessages: Early EndPlayMap Detection: Level '/Game/FirstPersonBP/Maps/FirstPersonExampleMap.FirstPersonExampleMap:PersistentLevel' has LevelScriptBlueprint '/Game/FirstPersonBP/Maps/FirstPersonExampleMap.FirstPersonExampleMap:PersistentLevel.FirstPersonExampleMap' with GeneratedClass '/Game/FirstPersonBP/Maps/FirstPersonExampleMap.FirstPersonExampleMap_C' with ClassGeneratedBy '/Game/FirstPersonBP/Maps/FirstPersonExampleMap.FirstPersonExampleMap:PersistentLevel.FirstPersonExampleMap'
[2019.03.27-10.29.21:461][445]LogSlate: Updating window title bar state: overlay mode, drag disabled, window buttons hidden, title bar hidden
[2019.03.27-10.29.21:495][445]LogPlayLevel: Display: Shutting down PIE online subsystems
[2019.03.27-10.29.21:496][445]LogBlueprintUserMessages: Late EndPlayMap Detection: Level '/Game/FirstPersonBP/Maps/FirstPersonExampleMap.FirstPersonExampleMap:PersistentLevel' has LevelScriptBlueprint '/Game/FirstPersonBP/Maps/FirstPersonExampleMap.FirstPersonExampleMap:PersistentLevel.FirstPersonExampleMap' with GeneratedClass '/Game/FirstPersonBP/Maps/FirstPersonExampleMap.FirstPersonExampleMap_C' with ClassGeneratedBy '/Game/FirstPersonBP/Maps/FirstPersonExampleMap.FirstPersonExampleMap:PersistentLevel.FirstPersonExampleMap'
[2019.03.27-10.29.21:523][445]LogSlate: Updating window title bar state: overlay mode, drag disabled, window buttons hidden, title bar hidden
[2019.03.27-10.29.21:560][447]LogPlayLevel: Display: Destroying online subsystem :Context_31
[2019.03.27-10.29.23:594][569]LogEditorViewport: Clicking on Actor (LMB): NPC_C (NPC)
[2019.03.27-10.29.24:574][624]LogSlate: FSceneViewport::OnFocusLost() reason 2
[2019.03.27-10.29.25:627][687]LogSlate: FSceneViewport::OnFocusLost() reason 2
[2019.03.27-10.29.25:629][687]LogAssetEditorManager: Opening Asset editor for Blueprint /Game/Blueprints/NPC.NPC
[2019.03.27-10.29.36:117][296]BlueprintLog: New page: Compile NPC
[2019.03.27-10.29.36:835][321]LogTemp: Repeating last play command: Selected Viewport
[2019.03.27-10.29.36:853][321]LogBlueprintUserMessages: Early PlayInEditor Detection: Level '/Game/FirstPersonBP/Maps/FirstPersonExampleMap.FirstPersonExampleMap:PersistentLevel' has LevelScriptBlueprint '/Game/FirstPersonBP/Maps/FirstPersonExampleMap.FirstPersonExampleMap:PersistentLevel.FirstPersonExampleMap' with GeneratedClass '/Game/FirstPersonBP/Maps/FirstPersonExampleMap.FirstPersonExampleMap_C' with ClassGeneratedBy '/Game/FirstPersonBP/Maps/FirstPersonExampleMap.FirstPersonExampleMap:PersistentLevel.FirstPersonExampleMap'
[2019.03.27-10.29.36:853][321]LogPlayLevel: PlayLevel: No blueprints needed recompiling
[2019.03.27-10.29.36:853][321]PIE: New page: PIE session: FirstPersonExampleMap (Mar 28, 2019, 2:29:36 AM)
[2019.03.27-10.29.36:853][321]LogPlayLevel: Creating play world package: /Game/FirstPersonBP/Maps/UEDPIE_0_FirstPersonExampleMap
[2019.03.27-10.29.36:866][321]LogPlayLevel: PIE: StaticDuplicateObject took: (0.013147s)
[2019.03.27-10.29.36:867][321]LogAIModule: Creating AISystem for world FirstPersonExampleMap
[2019.03.27-10.29.36:867][321]LogPlayLevel: PIE: World Init took: (0.000588s)
[2019.03.27-10.29.36:867][321]LogPlayLevel: PIE: Created PIE world by copying editor world from /Game/FirstPersonBP/Maps/FirstPersonExampleMap.FirstPersonExampleMap to /Game/FirstPersonBP/Maps/UEDPIE_0_FirstPersonExampleMap.FirstPersonExampleMap (0.013881s)
[2019.03.27-10.29.36:901][321]LogInit: XAudio2 using '耳机 (HUAWEI USB-C HEADSET)' : 2 channels at 48 kHz using 16 bits per sample (channel mask 0x3)
[2019.03.27-10.29.36:909][321]LogInit: FAudioDevice initialized.
[2019.03.27-10.29.36:946][321]LogLoad: Game class is 'FirstPersonGameMode_C'
[2019.03.27-10.29.36:949][321]LogWorld: Bringing World /Game/FirstPersonBP/Maps/UEDPIE_0_FirstPersonExampleMap.FirstPersonExampleMap up for play (max tick rate 60) at 2019.03.27-18.29.36
[2019.03.27-10.29.36:950][321]LogWorld: Bringing up level for play took: 0.003358
[2019.03.27-10.29.36:962][321]PIE: Play in editor start time for /Game/FirstPersonBP/Maps/UEDPIE_0_FirstPersonExampleMap -0.379
[2019.03.27-10.29.36:962][321]LogBlueprintUserMessages: Late PlayInEditor Detection: Level '/Game/FirstPersonBP/Maps/FirstPersonExampleMap.FirstPersonExampleMap:PersistentLevel' has LevelScriptBlueprint '/Game/FirstPersonBP/Maps/FirstPersonExampleMap.FirstPersonExampleMap:PersistentLevel.FirstPersonExampleMap' with GeneratedClass '/Game/FirstPersonBP/Maps/FirstPersonExampleMap.FirstPersonExampleMap_C' with ClassGeneratedBy '/Game/FirstPersonBP/Maps/FirstPersonExampleMap.FirstPersonExampleMap:PersistentLevel.FirstPersonExampleMap'
[2019.03.27-10.29.58:778][610]LogBlueprintUserMessages: Early EndPlayMap Detection: Level '/Game/FirstPersonBP/Maps/FirstPersonExampleMap.FirstPersonExampleMap:PersistentLevel' has LevelScriptBlueprint '/Game/FirstPersonBP/Maps/FirstPersonExampleMap.FirstPersonExampleMap:PersistentLevel.FirstPersonExampleMap' with GeneratedClass '/Game/FirstPersonBP/Maps/FirstPersonExampleMap.FirstPersonExampleMap_C' with ClassGeneratedBy '/Game/FirstPersonBP/Maps/FirstPersonExampleMap.FirstPersonExampleMap:PersistentLevel.FirstPersonExampleMap'
[2019.03.27-10.29.58:778][610]LogSlate: Updating window title bar state: overlay mode, drag disabled, window buttons hidden, title bar hidden
[2019.03.27-10.29.58:816][610]LogPlayLevel: Display: Shutting down PIE online subsystems
[2019.03.27-10.29.58:816][610]LogBlueprintUserMessages: Late EndPlayMap Detection: Level '/Game/FirstPersonBP/Maps/FirstPersonExampleMap.FirstPersonExampleMap:PersistentLevel' has LevelScriptBlueprint '/Game/FirstPersonBP/Maps/FirstPersonExampleMap.FirstPersonExampleMap:PersistentLevel.FirstPersonExampleMap' with GeneratedClass '/Game/FirstPersonBP/Maps/FirstPersonExampleMap.FirstPersonExampleMap_C' with ClassGeneratedBy '/Game/FirstPersonBP/Maps/FirstPersonExampleMap.FirstPersonExampleMap:PersistentLevel.FirstPersonExampleMap'
[2019.03.27-10.29.58:845][610]LogSlate: Updating window title bar state: overlay mode, drag disabled, window buttons hidden, title bar hidden
[2019.03.27-10.29.58:880][611]LogPlayLevel: Display: Destroying online subsystem :Context_33
[2019.03.27-10.30.00:162][688]LogEditorViewport: Clicking on Actor (LMB): FirstPersonCharacter_C (FirstPersonCharacter)
[2019.03.27-10.30.02:696][833]LogEditorViewport: Clicking on Actor (LMB): NPC_C (NPC)
[2019.03.27-10.30.05:129][957]LogSlate: FSceneViewport::OnFocusLost() reason 0
[2019.03.27-10.30.05:212][962]LogSlate: Window 'NPC*' being destroyed
[2019.03.27-10.30.05:217][962]LogSlate: Window 'NPC*' being destroyed
[2019.03.27-10.30.05:713][988]LogSlate: FSceneViewport::OnFocusLost() reason 0
[2019.03.27-10.30.05:788][992]LogAssetEditorManager: Opening Asset editor for Blueprint /Game/Blueprints/NPC.NPC
[2019.03.27-10.30.11:641][324]LogSlate: Window 'NPC*' being destroyed
[2019.03.27-10.30.11:647][324]LogSlate: Window 'NPC*' being destroyed
[2019.03.27-10.30.12:904][396]LogSlate: FSceneViewport::OnFocusLost() reason 0
[2019.03.27-10.30.13:794][449]LogAssetEditorManager: Opening Asset editor for BlendSpace1D /Game/Blueprints/NPC_Blend.NPC_Blend
[2019.03.27-10.30.13:801][449]LogActorComponent: RegisterComponentWithWorld: (/Engine/Transient.World_29:PersistentLevel.AnimationEditorPreviewActor_0.DebugSkelMeshComponent_0) Already registered. Aborting.
[2019.03.27-10.30.13:836][449]LogSkeletalMesh: USkeletalMeshComponent::InitArticulated : Bodies already created (/Engine/Transient.World_29:PersistentLevel.AnimationEditorPreviewActor_0.DebugSkelMeshComponent_0) - call TermArticulated first.
[2019.03.27-10.30.14:166][449]LogContentBrowser: Verbose: The majority of assets in the view are of type: AnimSequence
[2019.03.27-10.30.27:764][238]Cmd: OBJ SAVEPACKAGE PACKAGE="/Game/Blueprints/NPC_Blend" FILE="../../../../../Study/FPS/Content/Blueprints/NPC_Blend.uasset" SILENT=true
[2019.03.27-10.30.27:775][238]LogSavePackage: Moving '../../../../../Study/FPS/Saved/NPC_BlendC79965C04BE97F98439DB28D951917F9.tmp' to '../../../../../Study/FPS/Content/Blueprints/NPC_Blend.uasset'
[2019.03.27-10.30.28:657][290]LogSlate: FSceneViewport::OnFocusLost() reason 0
[2019.03.27-10.30.29:572][345]LogSlate: FSceneViewport::OnFocusLost() reason 0
[2019.03.27-10.30.29:639][349]LogTemp: Repeating last play command: Selected Viewport
[2019.03.27-10.30.29:655][349]LogBlueprintUserMessages: Early PlayInEditor Detection: Level '/Game/FirstPersonBP/Maps/FirstPersonExampleMap.FirstPersonExampleMap:PersistentLevel' has LevelScriptBlueprint '/Game/FirstPersonBP/Maps/FirstPersonExampleMap.FirstPersonExampleMap:PersistentLevel.FirstPersonExampleMap' with GeneratedClass '/Game/FirstPersonBP/Maps/FirstPersonExampleMap.FirstPersonExampleMap_C' with ClassGeneratedBy '/Game/FirstPersonBP/Maps/FirstPersonExampleMap.FirstPersonExampleMap:PersistentLevel.FirstPersonExampleMap'
[2019.03.27-10.30.29:655][349]LogPlayLevel: PlayLevel: No blueprints needed recompiling
[2019.03.27-10.30.29:655][349]PIE: New page: PIE session: FirstPersonExampleMap (Mar 28, 2019, 2:30:29 AM)
[2019.03.27-10.30.29:655][349]LogPlayLevel: Creating play world package: /Game/FirstPersonBP/Maps/UEDPIE_0_FirstPersonExampleMap
[2019.03.27-10.30.29:668][349]LogPlayLevel: PIE: StaticDuplicateObject took: (0.013075s)
[2019.03.27-10.30.29:669][349]LogAIModule: Creating AISystem for world FirstPersonExampleMap
[2019.03.27-10.30.29:669][349]LogPlayLevel: PIE: World Init took: (0.000671s)
[2019.03.27-10.30.29:669][349]LogPlayLevel: PIE: Created PIE world by copying editor world from /Game/FirstPersonBP/Maps/FirstPersonExampleMap.FirstPersonExampleMap to /Game/FirstPersonBP/Maps/UEDPIE_0_FirstPersonExampleMap.FirstPersonExampleMap (0.013881s)
[2019.03.27-10.30.29:705][349]LogInit: XAudio2 using '耳机 (HUAWEI USB-C HEADSET)' : 2 channels at 48 kHz using 16 bits per sample (channel mask 0x3)
[2019.03.27-10.30.29:712][349]LogInit: FAudioDevice initialized.
[2019.03.27-10.30.29:743][349]LogLoad: Game class is 'FirstPersonGameMode_C'
[2019.03.27-10.30.29:746][349]LogWorld: Bringing World /Game/FirstPersonBP/Maps/UEDPIE_0_FirstPersonExampleMap.FirstPersonExampleMap up for play (max tick rate 60) at 2019.03.27-18.30.29
[2019.03.27-10.30.29:747][349]LogWorld: Bringing up level for play took: 0.003004
[2019.03.27-10.30.29:759][349]PIE: Play in editor start time for /Game/FirstPersonBP/Maps/UEDPIE_0_FirstPersonExampleMap 0.419
[2019.03.27-10.30.29:759][349]LogBlueprintUserMessages: Late PlayInEditor Detection: Level '/Game/FirstPersonBP/Maps/FirstPersonExampleMap.FirstPersonExampleMap:PersistentLevel' has LevelScriptBlueprint '/Game/FirstPersonBP/Maps/FirstPersonExampleMap.FirstPersonExampleMap:PersistentLevel.FirstPersonExampleMap' with GeneratedClass '/Game/FirstPersonBP/Maps/FirstPersonExampleMap.FirstPersonExampleMap_C' with ClassGeneratedBy '/Game/FirstPersonBP/Maps/FirstPersonExampleMap.FirstPersonExampleMap:PersistentLevel.FirstPersonExampleMap'
[2019.03.27-10.31.07:714][624]LogBlueprintUserMessages: Early EndPlayMap Detection: Level '/Game/FirstPersonBP/Maps/FirstPersonExampleMap.FirstPersonExampleMap:PersistentLevel' has LevelScriptBlueprint '/Game/FirstPersonBP/Maps/FirstPersonExampleMap.FirstPersonExampleMap:PersistentLevel.FirstPersonExampleMap' with GeneratedClass '/Game/FirstPersonBP/Maps/FirstPersonExampleMap.FirstPersonExampleMap_C' with ClassGeneratedBy '/Game/FirstPersonBP/Maps/FirstPersonExampleMap.FirstPersonExampleMap:PersistentLevel.FirstPersonExampleMap'
[2019.03.27-10.31.07:714][624]LogSlate: Updating window title bar state: overlay mode, drag disabled, window buttons hidden, title bar hidden
[2019.03.27-10.31.07:749][624]LogPlayLevel: Display: Shutting down PIE online subsystems
[2019.03.27-10.31.07:749][624]LogBlueprintUserMessages: Late EndPlayMap Detection: Level '/Game/FirstPersonBP/Maps/FirstPersonExampleMap.FirstPersonExampleMap:PersistentLevel' has LevelScriptBlueprint '/Game/FirstPersonBP/Maps/FirstPersonExampleMap.FirstPersonExampleMap:PersistentLevel.FirstPersonExampleMap' with GeneratedClass '/Game/FirstPersonBP/Maps/FirstPersonExampleMap.FirstPersonExampleMap_C' with ClassGeneratedBy '/Game/FirstPersonBP/Maps/FirstPersonExampleMap.FirstPersonExampleMap:PersistentLevel.FirstPersonExampleMap'
[2019.03.27-10.31.07:775][624]LogSlate: Updating window title bar state: overlay mode, drag disabled, window buttons hidden, title bar hidden
[2019.03.27-10.31.07:828][627]LogPlayLevel: Display: Destroying online subsystem :Context_37
[2019.03.27-10.31.09:113][704]LogSlate: FSceneViewport::OnFocusLost() reason 0
[2019.03.27-10.31.09:417][708]LogSavePackage: Moving '../../../../../Study/FPS/Saved/FirstPersonExampleMap325CCD874089B700867404910A229297.tmp' to '../../../../../Study/FPS/Content/FirstPersonBP/Maps/FirstPersonExampleMap.umap'
[2019.03.27-10.31.09:449][708]Cmd: OBJ SAVEPACKAGE PACKAGE="/Game/FirstPersonBP/Maps/FirstPersonExampleMap_BuiltData" FILE="../../../../../Study/FPS/Content/FirstPersonBP/Maps/FirstPersonExampleMap_BuiltData.uasset" SILENT=true
[2019.03.27-10.31.10:002][708]LogSavePackage: Moving '../../../../../Study/FPS/Saved/FirstPersonExampleMap_BuiltDataB68144404CFAE3B7832FC28BC73F9E60.tmp' to '../../../../../Study/FPS/Content/FirstPersonBP/Maps/FirstPersonExampleMap_BuiltData.uasset'
[2019.03.27-10.31.10:613][744]LogSlate: FSceneViewport::OnFocusLost() reason 2
[2019.03.27-10.31.11:558][799]LogSlate: FSceneViewport::OnFocusLost() reason 2
[2019.03.27-10.31.11:577][799]Cmd: OBJ SAVEPACKAGE PACKAGE="/Game/Blueprints/NPC" FILE="../../../../../Study/FPS/Content/Blueprints/NPC.uasset" SILENT=true
[2019.03.27-10.31.11:599][799]LogSavePackage: Moving '../../../../../Study/FPS/Saved/NPC3E6C2FE3406A1BDAE0628AADAEE04CF7.tmp' to '../../../../../Study/FPS/Content/Blueprints/NPC.uasset'
[2019.03.27-10.31.13:048][886]LogSlate: FSceneViewport::OnFocusLost() reason 0
